ISim log file
Running: /media/shared/share/ISE/P5/mips_tb_isim_beh.exe -intstyle ise -gui -tclbatch isim.cmd -wdb /media/shared/share/ISE/P5/mips_tb_isim_beh.wdb 
ISim P.20131013 (signature 0xfbc00daa)
----------------------------------------------------------------------
WARNING:Security:42 - Your software subscription period has lapsed. Your current version of Xilinx tools will continue to function, but you no longer qualify for Xilinx software updates or new releases.


----------------------------------------------------------------------
This is a Full version of ISim.
Time resolution is 1 ps
# onerror resume
# wave add /
# run 1000 ns
Simulator is doing circuit initialization process.
Finished circuit initialization process.
                 155@00003004: $17 <= 00000012
                 165@00003008: $23 <= 00000012
                 175@0000300c: $18 <= 00000034
                 185@00003010: $19 <= 00001234
                 195@00003014: $20 <= 0000ffff
                 205@00003018: $21 <= 1a2b0000
                 215@0000301c: $22 <= ffff0000
                 215@00003020: *00000014 <= 1a2b0000
                 225@00003024: *0000000c <= 00001234
                 245@00003028: $31 <= 00003030
                 265@0000306c: $ 8 <= 1a2b3030
                 275@00003070: $10 <= e5d40000
                 285@00003074: $ 9 <= 00000046
                 295@00003078: $ 8 <= e5d3ffba
                 305@0000307c: $ 9 <= 00000022
                 315@00003080: $10 <= 34560000
                 325@00003084: $ 8 <= cbaa0022
                 335@00003088: $ 9 <= 1a2b0000
                 355@0000308c: $ 8 <= 00000000
                 365@00003090: $10 <= 01230000
                 375@00003094: $ 8 <= fedc0000
                 385@00003098: $10 <= 01230123
                 395@0000309c: $ 8 <= 01230111
                 405@000030a0: $ 8 <= 00000068
                 415@000030a4: $24 <= 00000000
                 425@000030a8: $31 <= 000030b0
                 445@00003030: $10 <= e5d40000
                 455@00003034: $ 9 <= 00000046
                 465@00003038: $ 8 <= e5d40046
                 475@0000303c: $10 <= e5d40000
                 485@00003040: $ 9 <= 00000046
                 495@00003044: $ 8 <= e5d40046
                 505@00003048: $ 9 <= 1a2b0000
                 525@0000304c: $ 8 <= 34560000
                 535@00003050: $10 <= 01230000
                 545@00003054: $ 8 <= 1b4e0000
                 555@00003058: $10 <= 01230123
                 565@0000305c: $ 8 <= 1b4e0123
                 575@00003060: $ 8 <= 00000068
                 585@00003064: $24 <= 000000d0
                 595@00003068: $31 <= 00003070
                 605@0000306c: $ 8 <= 1a2b3070
                 615@000030b0: $ 8 <= 1a2b3070
                 625@000030b4: $ 9 <= 00000046
                 635@000030b8: $ 8 <= 0000ffff
                 645@000030bc: $ 9 <= 1a2b0000
                 665@000030c0: $ 8 <= 1a2b0f0f
                 675@000030c4: $10 <= 01230000
                 685@000030c8: $ 8 <= 1a2b4321
                 695@000030cc: $10 <= 01230123
                 705@000030d0: $ 8 <= 01231337
                 715@000030d4: $ 8 <= 00000375
                 725@000030d8: $24 <= 00001375
                 735@000030dc: $31 <= 00003000
                 745@000030e0: $31 <= 000030e8
                 775@0000312c: $14 <= 00000004
                 785@00003130: $31 <= 000030ec
                 815@00003138: $ 8 <= 1a2b0012
                 825@000030ec: $ 9 <= 00000000
                 835@000030f0: $ 9 <= 00000000
                 845@000030f4: $ 9 <= 00000001
                 855@000030f8: $ 9 <= 00000002
                 865@000030fc: $ 9 <= 00000004
                 875@00003100: $ 9 <= 00000008
                 885@00003104: $ 9 <= 00000010
                 895@00003108: $31 <= 00003110
                 915@0000313c: $ 8 <= 1a2b0000
                 915@00003140: *00000020 <= 1a2b0000
                 935@00003144: $ 8 <= 1a2b0012
                 935@00003148: *00000020 <= 1a2b0012
                 955@0000314c: $ 8 <= 00000024
                 955@00003150: *00000024 <= 00000024
                 975@00003154: $24 <= 00000048
                 985@00003158: $ 8 <= 00000024
                 995@0000315c: $ 9 <= 00000024
# run all
                1005@00003160: $ 8 <= 00000024
                1015@00003164: $ 8 <= 00000024
                1015@00003168: *00000d04 <= 00003110
                1035@0000316c: $31 <= 00003110
                1075@00003174: $ 8 <= 00010011
                1085@00003110: $31 <= 00003118
                1095@00003114: $31 <= 00003118
                1105@00003178: $ 8 <= 00000024
                1115@0000317c: $ 9 <= 00000058
                1145@00003184: $ 8 <= 00000000
                1155@00003188: $ 9 <= 1a2b0000
                1205@00003194: $ 9 <= 34560000
                1215@00003194: $ 9 <= 68ac0000
                1225@00003198: $ 9 <= 68ac0000
                1235@0000319c: $ 9 <= 68ac0068
                1275@000031a8: $ 8 <= 00002468
                1285@000031ac: $31 <= 00003118
                1325@00003118: $ 8 <= 000048d0
                1335@0000311c: $31 <= 00003124
                1345@00003120: $ 8 <= 000091a0
                1355@000031b8: $ 8 <= 00000000
                1355@000031bc: *00002ffc <= 00000000
                1375@000031c0: $ 9 <= 00000000
                1385@000031c4: $ 9 <= 7fff0000
                1395@000031c8: $ 9 <= 7ffffffe
                1405@000031cc: $10 <= 00000000
                1415@000031d0: $10 <= 00000001
                1425@000031d4: $ 8 <= 7fffffff
                1435@000031d8: $11 <= 80000002
                1465@00003124: $31 <= 0000312c
Stopped at time : 31492945 ns : File "/media/shared/share/ISE/P5/v/mips.v" Line 528
ISim P.20131013 (signature 0xfbc00daa)
----------------------------------------------------------------------
WARNING:Security:42 - Your software subscription period has lapsed. Your current version of Xilinx tools will continue to function, but you no longer qualify for Xilinx software updates or new releases.


----------------------------------------------------------------------
This is a Full version of ISim.
# run 1000 ns
Simulator is doing circuit initialization process.
Finished circuit initialization process.
@00003004: $17 <= 00000012
@00003008: $23 <= 00000012
@0000300c: $18 <= 00000034
@00003010: $19 <= 00001234
@00003014: $20 <= 0000ffff
@00003018: $21 <= 1a2b0000
@0000301c: $22 <= ffff0000
@00003020: *00000014 <= 1a2b0000
@00003024: *0000000c <= 00001234
@00003028: $31 <= 00003030
@0000306c: $ 8 <= 1a2b3030
@00003070: $10 <= e5d40000
@00003074: $ 9 <= 00000046
@00003078: $ 8 <= e5d3ffba
@0000307c: $ 9 <= 00000022
@00003080: $10 <= 34560000
@00003084: $ 8 <= cbaa0022
@00003088: $ 9 <= 1a2b0000
@0000308c: $ 8 <= 00000000
@00003090: $10 <= 01230000
@00003094: $ 8 <= fedc0000
@00003098: $10 <= 01230123
@0000309c: $ 8 <= 01230111
@000030a0: $ 8 <= 00000068
@000030a4: $24 <= 00000000
@000030a8: $31 <= 000030b0
@00003030: $10 <= e5d40000
@00003034: $ 9 <= 00000046
@00003038: $ 8 <= e5d40046
@0000303c: $10 <= e5d40000
@00003040: $ 9 <= 00000046
@00003044: $ 8 <= e5d40046
@00003048: $ 9 <= 1a2b0000
@0000304c: $ 8 <= 34560000
@00003050: $10 <= 01230000
@00003054: $ 8 <= 1b4e0000
@00003058: $10 <= 01230123
@0000305c: $ 8 <= 1b4e0123
@00003060: $ 8 <= 00000068
@00003064: $24 <= 000000d0
@00003068: $31 <= 00003070
@0000306c: $ 8 <= 1a2b3070
@000030b0: $ 8 <= 1a2b3070
@000030b4: $ 9 <= 00000046
@000030b8: $ 8 <= 0000ffff
@000030bc: $ 9 <= 1a2b0000
@000030c0: $ 8 <= 1a2b0f0f
@000030c4: $10 <= 01230000
@000030c8: $ 8 <= 1a2b4321
@000030cc: $10 <= 01230123
@000030d0: $ 8 <= 01231337
@000030d4: $ 8 <= 00000375
@000030d8: $24 <= 00001375
@000030dc: $31 <= 00003000
@000030e0: $31 <= 000030e8
@0000312c: $14 <= 00000004
@00003130: $31 <= 000030ec
@00003138: $ 8 <= 1a2b0012
@000030ec: $ 9 <= 00000000
@000030f0: $ 9 <= 00000000
@000030f4: $ 9 <= 00000001
@000030f8: $ 9 <= 00000002
@000030fc: $ 9 <= 00000004
@00003100: $ 9 <= 00000008
@00003104: $ 9 <= 00000010
@00003108: $31 <= 00003110
@0000313c: $ 8 <= 1a2b0000
@00003140: *00000020 <= 1a2b0000
@00003144: $ 8 <= 1a2b0012
@00003148: *00000020 <= 1a2b0012
@0000314c: $ 8 <= 00000024
@00003150: *00000024 <= 00000024
@00003154: $24 <= 00000048
@00003158: $ 8 <= 00000024
@0000315c: $ 9 <= 00000024
# run all
@00003160: $ 8 <= 00000024
@00003164: $ 8 <= 00000024
@00003168: *00000d04 <= 00003110
@0000316c: $31 <= 00003110
@00003174: $ 8 <= 00010011
@00003110: $31 <= 00003118
@00003114: $31 <= 00003118
@00003178: $ 8 <= 00000024
@0000317c: $ 9 <= 00000058
@00003184: $ 8 <= 00000000
@00003188: $ 9 <= 1a2b0000
@00003194: $ 9 <= 34560000
@00003194: $ 9 <= 68ac0000
@00003198: $ 9 <= 68ac0000
@0000319c: $ 9 <= 68ac0068
@000031a8: $ 8 <= 00002468
@000031ac: $31 <= 00003118
@00003118: $ 8 <= 000048d0
@0000311c: $31 <= 00003124
@00003120: $ 8 <= 000091a0
@000031b8: $ 8 <= 00000000
@000031bc: *00002ffc <= 00000000
@000031c0: $ 9 <= 00000000
@000031c4: $ 9 <= 7fff0000
@000031c8: $ 9 <= 7ffffffe
@000031cc: $10 <= 00000000
@000031d0: $10 <= 00000001
@000031d4: $ 8 <= 7fffffff
@000031d8: $11 <= 80000002
@00003124: $31 <= 0000312c
Stopped at time : 29885355 ns : File "/media/shared/share/ISE/P5/v/Reg_M.v" Line 61
# exit 0
