ISim log file
Running: /media/shared/share/ISE/P7_new/mips_txt_isim_beh.exe -intstyle ise -gui -tclbatch isim.cmd -wdb /media/shared/share/ISE/P7_new/mips_txt_isim_beh.wdb 
ISim P.20131013 (signature 0xfbc00daa)
----------------------------------------------------------------------
WARNING:Security:42 - Your software subscription period has lapsed. Your current version of Xilinx tools will continue to function, but you no longer qualify for Xilinx software updates or new releases.


----------------------------------------------------------------------
This is a Full version of ISim.
WARNING: File "/media/shared/share/ISE/P7_new/v/mips.v" Line 68.  For instance uut/module_TC1/, width 30 of formal port Addr is not equal to width 32 of actual signal TC1_Addr.
WARNING: File "/media/shared/share/ISE/P7_new/v/mips.v" Line 68.  For instance uut/module_TC2/, width 30 of formal port Addr is not equal to width 32 of actual signal TC2_Addr.
Time resolution is 1 ps
# onerror resume
# wave add /
# run 1000 ns
Simulator is doing circuit initialization process.
Finished circuit initialization process.
@00003000: $ 8 <= 00001c01
@0000300c: *00000000 <= 00003333
@00003008: $ 9 <= 00003333
@00004180: $26 <= 00000010
@00004184: $27 <= 0000007c
@00004188: $26 <= 00000010
@000041d0: $ 9 <= 00003010
@000041d4: $10 <= 00000004
@000041dc: $ 9 <= 00000000
@00004208: $ 9 <= 00000010
@0000420c: $10 <= 80000000
@00004210: $ 9 <= 00000000
@00004260: $17 <= 00000111
@00004264: $26 <= 00003010
@00004268: $26 <= 00003014
@00004180: $26 <= 00000010
@00004184: $27 <= 0000007c
@00004188: $26 <= 00000010
@000041d0: $ 9 <= 00003014
@000041d4: $10 <= 00000004
@000041dc: $ 9 <= 00000000
@00004208: $ 9 <= 00000010
@0000420c: $10 <= 80000000
@00004210: $ 9 <= 00000000
@00004260: $17 <= 00000111
@00004264: $26 <= 00003014
@00004268: $26 <= 00003018
@00004180: $26 <= 00000010
@00004184: $27 <= 0000007c
@00004188: $26 <= 00000010
@000041d0: $ 9 <= 00003018
@000041d4: $10 <= 00000004
@000041dc: $ 9 <= 00000000
@00004208: $ 9 <= 00000010
@0000420c: $10 <= 80000000
@00004210: $ 9 <= 00000000
@00004260: $17 <= 00000111
@00004264: $26 <= 00003018
@00004268: $26 <= 0000301c
@00004180: $26 <= 00000010
@00004184: $27 <= 0000007c
@00004188: $26 <= 00000010
@000041d0: $ 9 <= 0000301c
@000041d4: $10 <= 00000004
@000041dc: $ 9 <= 00000000
@00004208: $ 9 <= 00000010
@0000420c: $10 <= 80000000
@00004210: $ 9 <= 00000000
@00004260: $17 <= 00000111
@00004264: $26 <= 0000301c
@00004268: $26 <= 00003020
@00003020: $ 9 <= f0000000
@00004180: $26 <= 00000010
@00004184: $27 <= 0000007c
@00004188: $26 <= 00000010
@000041d0: $ 9 <= 00003024
@000041d4: $10 <= 00000004
@000041dc: $ 9 <= 00000000
@00004208: $ 9 <= 00000010
@0000420c: $10 <= 80000000
@00004210: $ 9 <= 00000000
@00004260: $17 <= 00000111
@00004264: $26 <= 00003024
@00004268: $26 <= 00003028
@00004180: $26 <= 00000010
@00004184: $27 <= 0000007c
@00004188: $26 <= 00000010
# run all
@000041d0: $ 9 <= 00003028
@000041d4: $10 <= 00000004
@000041dc: $ 9 <= 00000000
@00004208: $ 9 <= 00000010
@0000420c: $10 <= 80000000
@00004210: $ 9 <= 00000000
@00004260: $17 <= 00000111
@00004264: $26 <= 00003028
@00004268: $26 <= 0000302c
@00004180: $26 <= 00000010
@00004184: $27 <= 0000007c
@00004188: $26 <= 00000010
@000041d0: $ 9 <= 0000302c
@000041d4: $10 <= 00000004
@000041dc: $ 9 <= 00000000
@00004208: $ 9 <= 00000010
@0000420c: $10 <= 80000000
@00004210: $ 9 <= 00000000
@00004260: $17 <= 00000111
@00004264: $26 <= 0000302c
@00004268: $26 <= 00003030
@00003030: $ 9 <= 00007f1c
@00004180: $26 <= 00000010
@00004184: $27 <= 0000007c
@00004188: $26 <= 00000010
@000041d0: $ 9 <= 00003034
@000041d4: $10 <= 00000004
@000041dc: $ 9 <= 00000000
@00004208: $ 9 <= 00000010
@0000420c: $10 <= 80000000
@00004210: $ 9 <= 00000000
@00004260: $17 <= 00000111
@00004264: $26 <= 00003034
@00004268: $26 <= 00003038
@00003038: $10 <= 00003333
@0000303c: $10 <= 00000033
@00003040: $ 9 <= 00004444
@00004180: $26 <= 00000014
@00004184: $27 <= 0000007c
@00004188: $26 <= 00000014
@000041d0: $ 9 <= 00003044
@000041d4: $10 <= 00000004
@000041dc: $ 9 <= 00000000
@00004208: $ 9 <= 00000014
@0000420c: $10 <= 80000000
@00004210: $ 9 <= 00000000
@00004260: $17 <= 00000111
@00004264: $26 <= 00003044
@00004268: $26 <= 00003048
@00004180: $26 <= 00000014
@00004184: $27 <= 0000007c
@00004188: $26 <= 00000014
@000041d0: $ 9 <= 00003048
@000041d4: $10 <= 00000004
@000041dc: $ 9 <= 00000000
@00004208: $ 9 <= 00000014
@0000420c: $10 <= 80000000
@00004210: $ 9 <= 00000000
@00004260: $17 <= 00000111
@00004264: $26 <= 00003048
@00004268: $26 <= 0000304c
@00004180: $26 <= 00000014
@00004184: $27 <= 0000007c
@00004188: $26 <= 00000014
@000041d0: $ 9 <= 0000304c
@000041d4: $10 <= 00000004
@000041dc: $ 9 <= 00000000
@00004208: $ 9 <= 00000014
@0000420c: $10 <= 80000000
@00004210: $ 9 <= 00000000
@00004260: $17 <= 00000111
@00004264: $26 <= 0000304c
@00004268: $26 <= 00003050
@00004180: $26 <= 00000014
@00004184: $27 <= 0000007c
@00004188: $26 <= 00000014
@000041d0: $ 9 <= 00003050
@000041d4: $10 <= 00000004
@000041dc: $ 9 <= 00000000
@00004208: $ 9 <= 00000014
@0000420c: $10 <= 80000000
@00004210: $ 9 <= 00000000
@00004260: $17 <= 00000111
@00004264: $26 <= 00003050
@00004268: $26 <= 00003054
@00003054: $ 9 <= f0000000
@00004180: $26 <= 00000014
@00004184: $27 <= 0000007c
@00004188: $26 <= 00000014
@000041d0: $ 9 <= 00003058
@000041d4: $10 <= 00000004
@000041dc: $ 9 <= 00000000
@00004208: $ 9 <= 00000014
@0000420c: $10 <= 80000000
@00004210: $ 9 <= 00000000
@00004260: $17 <= 00000111
@00004264: $26 <= 00003058
@00004268: $26 <= 0000305c
@00004180: $26 <= 00000014
@00004184: $27 <= 0000007c
@00004188: $26 <= 00000014
@000041d0: $ 9 <= 0000305c
@000041d4: $10 <= 00000004
@000041dc: $ 9 <= 00000000
@00004208: $ 9 <= 00000014
@0000420c: $10 <= 80000000
@00004210: $ 9 <= 00000000
@00004260: $17 <= 00000111
@00004264: $26 <= 0000305c
@00004268: $26 <= 00003060
@00004180: $26 <= 00000014
@00004184: $27 <= 0000007c
@00004188: $26 <= 00000014
@000041d0: $ 9 <= 00003060
@000041d4: $10 <= 00000004
@000041dc: $ 9 <= 00000000
@00004208: $ 9 <= 00000014
@0000420c: $10 <= 80000000
@00004210: $ 9 <= 00000000
@00004260: $17 <= 00000111
@00004264: $26 <= 00003060
@00004268: $26 <= 00003064
@00003064: $ 9 <= 00007f0c
@00004180: $26 <= 00000014
@00004184: $27 <= 0000007c
@00004188: $26 <= 00000014
@000041d0: $ 9 <= 00003068
@000041d4: $10 <= 00000004
@000041dc: $ 9 <= 00000000
@00004208: $ 9 <= 00000014
@0000420c: $10 <= 80000000
@00004210: $ 9 <= 00000000
@00004260: $17 <= 00000111
@00004264: $26 <= 00003068
@00004268: $26 <= 0000306c
@0000306c: *00000000 <= 00000000
@00003070: *00000000 <= 00000000
@00004180: $26 <= 00000014
@00004184: $27 <= 0000007c
@00004188: $26 <= 00000014
@000041d0: $ 9 <= 00003074
@000041d4: $10 <= 00000004
@000041dc: $ 9 <= 00000000
@00004208: $ 9 <= 00000014
@0000420c: $10 <= 80000000
@00004210: $ 9 <= 00000000
@00004260: $17 <= 00000111
@00004264: $26 <= 00003074
@00004268: $26 <= 00003078
@00003078: $ 2 <= 00000001
@00004180: $26 <= 00000020
@00004184: $27 <= 0000007c
@00004188: $26 <= 00000020
@000041d0: $ 9 <= 0000307c
@000041d4: $10 <= 00000004
@000041dc: $ 9 <= 00000000
@00004208: $ 9 <= 00000020
@0000420c: $10 <= 80000000
@00004210: $ 9 <= 00000000
@00004260: $17 <= 00000111
@00004264: $26 <= 0000307c
@00004268: $26 <= 00003080
@00004180: $26 <= 00000028
@00004184: $27 <= 0000007c
@00004188: $26 <= 00000028
@000041d0: $ 9 <= 00003080
@000041d4: $10 <= 00000004
@000041dc: $ 9 <= 00000000
@00004208: $ 9 <= 00000028
@0000420c: $10 <= 80000000
@00004210: $ 9 <= 00000000
@00004260: $17 <= 00000111
@00004264: $26 <= 00003080
@00004268: $26 <= 00003084
@00003084: $ 9 <= 7fff0000
@00003088: $10 <= 7fff0000
@00004180: $26 <= 00000030
@00004184: $27 <= 0000007c
@00004188: $26 <= 00000030
@000041d0: $ 9 <= 0000308c
@000041d4: $10 <= 00000004
@000041dc: $ 9 <= 00000000
@00004208: $ 9 <= 00000030
@0000420c: $10 <= 80000000
@00004210: $ 9 <= 00000000
@00004260: $17 <= 00000111
@00004264: $26 <= 0000308c
@00004268: $26 <= 00003090
@00003090: $ 9 <= f0000000
@00003094: $10 <= efff9000
@00003098: $ 9 <= 7fff0000
@0000309c: $10 <= f0000000
@00004180: $26 <= 00000030
@00004184: $27 <= 0000007c
@00004188: $26 <= 00000030
@000041d0: $ 9 <= 000030a0
@000041d4: $10 <= 00000004
@000041dc: $ 9 <= 00000000
@00004208: $ 9 <= 00000030
@0000420c: $10 <= 80000000
@00004210: $ 9 <= 00000000
@00004260: $17 <= 00000111
@00004264: $26 <= 000030a0
@00004268: $26 <= 000030a4
@00004180: $26 <= 00000010
@00004184: $27 <= 0000007c
@00004188: $26 <= 00000010
@000041d0: $ 9 <= 000030a4
@000041d4: $10 <= 00000004
@000041dc: $ 9 <= 00000000
@00004208: $ 9 <= 00000010
@0000420c: $10 <= 80000000
@00004210: $ 9 <= 00000000
@00004260: $17 <= 00000111
@00004264: $26 <= 000030a4
@00004268: $26 <= 000030a8
@00004180: $26 <= 00000010
@00004184: $27 <= 0000007c
@00004188: $26 <= 00000010
@000041d0: $ 9 <= 000030b0
@000041d4: $10 <= 00000004
@000041dc: $ 9 <= 00000000
@00004208: $ 9 <= 00000010
@0000420c: $10 <= 80000000
@00004210: $ 9 <= 00000000
@00004260: $17 <= 00000111
@00004264: $26 <= 000030b0
@00004268: $26 <= 000030b4
@000030b4: $12 <= 00000c2c
@00004180: $26 <= 00000010
@00004184: $27 <= 0000007c
@00004188: $26 <= 00000010
@000041d0: $ 9 <= 000030b8
@000041d4: $10 <= 00000004
@000041dc: $ 9 <= 00000000
@00004208: $ 9 <= 00000010
@0000420c: $10 <= 80000000
@00004210: $ 9 <= 00000000
@00004260: $17 <= 00000111
@00004264: $26 <= 000030b8
@00004268: $26 <= 000030bc
@000030c0: $12 <= 00000c2c
@000030c4: $ 9 <= 00000000
@000030c8: $31 <= 000030d0
@00004180: $26 <= 00000010
@00004184: $27 <= 0000007c
@00004188: $26 <= 00000010
@000041d0: $ 9 <= 000030d0
@000041d4: $10 <= 00000004
@000041dc: $ 9 <= 00000000
@00004208: $ 9 <= 00000010
@0000420c: $10 <= 80000000
@00004210: $ 9 <= 00000000
@00004260: $17 <= 00000111
@00004264: $26 <= 000030d0
@00004268: $26 <= 000030d4
@00004180: $26 <= 00000010
@00004184: $27 <= 0000007c
@00004188: $26 <= 00000010
@000041d0: $ 9 <= 000030d4
@000041d4: $10 <= 00000004
@000041dc: $ 9 <= 00000000
@00004208: $ 9 <= 00000010
@0000420c: $10 <= 80000000
@00004210: $ 9 <= 00000000
@00004260: $17 <= 00000111
@00004264: $26 <= 000030d4
@00004268: $26 <= 000030d8
@00004180: $26 <= 00000010
@00004184: $27 <= 0000007c
@00004188: $26 <= 00000010
@000041d0: $ 9 <= 000030d8
@000041d4: $10 <= 00000004
@000041dc: $ 9 <= 00000000
@00004208: $ 9 <= 00000010
@0000420c: $10 <= 80000000
@00004210: $ 9 <= 00000000
@00004260: $17 <= 00000111
@00004264: $26 <= 000030d8
@00004268: $26 <= 000030dc
@000030dc: $10 <= 00000000
@000030e0: $ 9 <= 00000009
@000030e8: $ 9 <= 00000001
@00004180: $26 <= 00000010
@00004184: $27 <= 0000007c
@00004188: $26 <= 00000010
@000041d0: $ 9 <= 000030f8
@000041d4: $10 <= 00000004
@000041dc: $ 9 <= 00000000
@00004208: $ 9 <= 00000010
@0000420c: $10 <= 80000000
@00004210: $ 9 <= 00000000
@00004260: $17 <= 00000111
@00004264: $26 <= 000030f8
@00004268: $26 <= 000030fc
@0000310c: $ 9 <= 00003120
@00003124: *00000000 <= 00003138
@00003120: $ 9 <= 00003138
@00003128: $10 <= 00003138
@00004180: $26 <= 80000010
@00004184: $27 <= 0000007c
@00004188: $26 <= 00000010
@000041d0: $ 9 <= 00003138
@000041d4: $10 <= 00000004
@000041dc: $ 9 <= 00000000
@00004208: $ 9 <= 80000010
@0000420c: $10 <= 80000000
@00004210: $ 9 <= 80000000
@0000421c: $ 9 <= 00003138
@00004220: $10 <= 00003138
@00004240: $ 9 <= 00003140
@00003140: $ 9 <= 00001111
@00004180: $26 <= 00000010
@00004184: $27 <= 0000007c
@00004188: $26 <= 00000010
@000041d0: $ 9 <= 00001111
@000041d4: $10 <= 00000004
@000041dc: $ 9 <= 00000001
@000041e8: $ 9 <= 00001111
@000041ec: $10 <= 00001111
@000041f8: $ 9 <= 00003150
@00004180: $26 <= 80000010
@00004184: $27 <= 0000007c
@00004188: $26 <= 00000010
@000041d0: $ 9 <= 00003150
@000041d4: $10 <= 00000004
@000041dc: $ 9 <= 00000000
@00004208: $ 9 <= 80000010
@0000420c: $10 <= 80000000
@00004210: $ 9 <= 80000000
@0000421c: $ 9 <= 00003150
@00004220: $10 <= 00003138
@0000422c: $10 <= 00003150
@00004250: $ 9 <= 00003158
Stopped at time : 146286 ns : File "/media/shared/share/ISE/P7_new/v/Extender.v" Line 32
