Running: /opt/Xilinx/14.7/ISE_DS/ISE/bin/lin64/unwrapped/fuse -relaunch -intstyle "ise" -incremental -lib "unisims_ver" -lib "unimacro_ver" -lib "xilinxcorelib_ver" -o "/home/co-eda/ISE/Verilog_CPU/cpu_checker_tb_isim_beh.exe" -prj "/home/co-eda/ISE/Verilog_CPU/cpu_checker_tb_beh.prj" "work.cpu_checker_tb" "work.glbl" 
ISim P.20131013 (signature 0xfbc00daa)
Number of CPUs detected in this system: 1
Turning on mult-threading, number of parallel sub-compilation jobs: 0 
Determining compilation order of HDL files
Analyzing Verilog file "/home/co-eda/ISE/Verilog_CPU/cpu_checker.v" into library work
Analyzing Verilog file "/home/co-eda/ISE/Verilog_CPU/cpu_checker_tb.v" into library work
Analyzing Verilog file "/opt/Xilinx/14.7/ISE_DS/ISE//verilog/src/glbl.v" into library work
Starting static elaboration
Completed static elaboration
Fuse Memory Usage: 82988 KB
Fuse CPU Usage: 1970 ms
Compiling module cpu_checker
Compiling module cpu_checker_tb
Compiling module glbl
Time Resolution for simulation is 1ps.
Compiled 3 Verilog Units
Built simulation executable /home/co-eda/ISE/Verilog_CPU/cpu_checker_tb_isim_beh.exe
Fuse Memory Usage: 88020 KB
Fuse CPU Usage: 2010 ms
GCC CPU Usage: 890 ms
