ISim log file
Running: /media/shared/share/ISE/P5_X_new/mips_tb_isim_beh.exe -intstyle ise -gui -tclbatch isim.cmd -wdb /media/shared/share/ISE/P5_X_new/mips_tb_isim_beh.wdb 
INFO: There is another simulation running in the same directory. Using database file name isim1.wdb.
ISim P.20131013 (signature 0xfbc00daa)
----------------------------------------------------------------------
WARNING:Security:42 - Your software subscription period has lapsed. Your current version of Xilinx tools will continue to function, but you no longer qualify for Xilinx software updates or new releases.


----------------------------------------------------------------------
This is a Full version of ISim.
Time resolution is 1 ps
# onerror resume
# wave add /
# run 1000 ns
Simulator is doing circuit initialization process.
Finished circuit initialization process.
@00003000: $20 <= 7fa10000
@00003004: $20 <= 7fa1cb69
@00003008: $19 <= 44ce0000
@0000300c: $19 <= 44ce8a61
@00004180: $26 <= 00000002
@00004184: $26 <= 00000030
@00004188: $26 <= 00003010
@0000418c: $27 <= 00000004
@00004190: $26 <= 00003014
@00003014: $20 <= 805e3497
@00004180: $26 <= 00000002
@00004184: $26 <= 00000030
@00004188: $26 <= 00003018
@0000418c: $27 <= 00000004
@00004190: $26 <= 0000301c
@0000301c: *000000e4 <= 805e3497
@00004180: $26 <= 00000002
@00004184: $26 <= 00000010
@00004188: $26 <= 00003020
@0000418c: $27 <= 00000004
@00004190: $26 <= 00003024
@00003024: $20 <= 0000018c
@00003028: $19 <= 0000026b
@0000302c: $ 5 <= 00000021
@00003030: $13 <= 0000008d
@00003034: $21 <= 00000006
@00003038: $20 <= 000003f7
@0000303c: $ 5 <= 00000027
@00003038: $20 <= 00000662
@0000303c: $ 5 <= 0000002d
@00003038: $20 <= 000008cd
@0000303c: $ 5 <= 00000033
@00003038: $20 <= 00000b38
@0000303c: $ 5 <= 00000039
@00003038: $20 <= 00000da3
@0000303c: $ 5 <= 0000003f
@00003038: $20 <= 0000100e
@0000303c: $ 5 <= 00000045
@00003038: $20 <= 00001279
@0000303c: $ 5 <= 0000004b
@00003038: $20 <= 000014e4
@0000303c: $ 5 <= 00000051
@00003038: $20 <= 0000174f
@0000303c: $ 5 <= 00000057
@00003038: $20 <= 000019ba
@0000303c: $ 5 <= 0000005d
@00003038: $20 <= 00001c25
@0000303c: $ 5 <= 00000063
@00003038: $20 <= 00001e90
@0000303c: $ 5 <= 00000069
@00003038: $20 <= 000020fb
@0000303c: $ 5 <= 0000006f
# exit 0
