Running: /opt/Xilinx/14.7/ISE_DS/ISE/bin/lin64/unwrapped/fuse -intstyle ise -incremental -lib unisims_ver -lib unimacro_ver -lib xilinxcorelib_ver -o /media/shared/share/ISE/P5_new_TINE/mips_tb_isim_beh.exe -prj /media/shared/share/ISE/P5_new_TINE/mips_tb_beh.prj work.mips_tb work.glbl 
ISim P.20131013 (signature 0xfbc00daa)
Number of CPUs detected in this system: 1
Turning on mult-threading, number of parallel sub-compilation jobs: 0 
Determining compilation order of HDL files
Analyzing Verilog file "/media/shared/share/ISE/P5_new_TINE/../P5_X_new/splitter.v" into library work
Analyzing Verilog file "/media/shared/share/ISE/P5_new_TINE/../P5_X_new/PC.v" into library work
Analyzing Verilog file "/media/shared/share/ISE/P5_new_TINE/../P5_X_new/IM.v" into library work
Analyzing Verilog file "/media/shared/share/ISE/P5_new_TINE/../P5_X_new/GRF.v" into library work
Analyzing Verilog file "/media/shared/share/ISE/P5_new_TINE/../P5_X_new/Extender.v" into library work
Analyzing Verilog file "/media/shared/share/ISE/P5_new_TINE/../P5_X_new/DM.v" into library work
Analyzing Verilog file "/media/shared/share/ISE/P5_new_TINE/../P5_X_new/CU.v" into library work
Analyzing Verilog file "/media/shared/share/ISE/P5_new_TINE/../P5_X_new/CP0.v" into library work
Analyzing Verilog file "/media/shared/share/ISE/P5_new_TINE/../P5_X_new/ALU.v" into library work
Analyzing Verilog file "/media/shared/share/ISE/P5_new_TINE/../P5_X_new/mips.v" into library work
Analyzing Verilog file "/media/shared/share/ISE/P5_new_TINE/../P5_X_new/mips_tb.v" into library work
Analyzing Verilog file "/opt/Xilinx/14.7/ISE_DS/ISE//verilog/src/glbl.v" into library work
Starting static elaboration
Completed static elaboration
Fuse Memory Usage: 83292 KB
Fuse CPU Usage: 2270 ms
Compiling module PC
Compiling module IM
Compiling module splitter
Compiling module CU
Compiling module GRF
Compiling module ALU
Compiling module Extender
Compiling module DM
Compiling module CP0
Compiling module mips
Compiling module mips_tb
Compiling module glbl
Time Resolution for simulation is 1ps.
Compiled 12 Verilog Units
Built simulation executable /media/shared/share/ISE/P5_new_TINE/mips_tb_isim_beh.exe
Fuse Memory Usage: 86408 KB
Fuse CPU Usage: 2340 ms
GCC CPU Usage: 2000 ms
