ISim log file
Running: /media/shared/share/ISE/P6/mips_txt_isim_beh.exe -intstyle ise -gui -tclbatch isim.cmd -wdb /media/shared/share/ISE/P6/mips_txt_isim_beh.wdb 
ISim P.20131013 (signature 0xfbc00daa)
----------------------------------------------------------------------
WARNING:Security:42 - Your software subscription period has lapsed. Your current version of Xilinx tools will continue to function, but you no longer qualify for Xilinx software updates or new releases.


----------------------------------------------------------------------
This is a Full version of ISim.
Time resolution is 1 ps
# onerror resume
# wave add /
# run 1000 ns
Simulator is doing circuit initialization process.
Finished circuit initialization process.
                  42@00003004: $ 1 <= 00000981
                  46@00003008: $ 2 <= 00005eea
                  50@0000300c: $ 3 <= 000097d8
                  54@00003010: $ 4 <= 00009f4e
                  58@00003014: $ 5 <= 0000afd7
                  62@00003018: $ 6 <= 00006075
                  66@0000301c: $ 7 <= 0000ddb8
                  70@00003020: $ 8 <= 00008c4b
                  74@00003024: $ 9 <= 00001459
                  78@00003028: $10 <= 0000aeb2
                  82@0000302c: $11 <= 00006345
                  86@00003030: $12 <= 0000af0e
                  90@00003034: $13 <= 00003c95
                  94@00003038: $14 <= 000026ed
                  98@0000303c: $15 <= 00007b52
                 102@00003040: $16 <= 0000c091
                 106@00003044: $17 <= 00003aef
                 110@00003048: $18 <= 00007001
                 114@0000304c: $19 <= 00007151
                 118@00003050: $20 <= 00005a30
                 122@00003054: $21 <= 00000676
                 126@00003058: $22 <= 00005774
                 130@0000305c: $23 <= 000074b4
                 134@00003060: $24 <= 0000c5e0
                 138@00003064: $25 <= 00009021
                 142@00003068: $26 <= 000042fe
                 146@0000306c: $27 <= 0000947e
                 150@00003070: $28 <= 0000d1d2
                 154@00003074: $29 <= 00001ae8
                 158@00003078: $30 <= 00000a03
                 162@0000307c: $31 <= 0000b054
                 166@00003080: $22 <= 00005775
                 174@00003088: $22 <= 00003d97
                 178@0000308c: $22 <= 00000000
                 218@00003090: $24 <= 000016f6
                 226@00003098: $25 <= 00000000
                 230@0000309c: $25 <= 000019ef
                 234@000030a0: $22 <= 00000000
                 242@000030a8: $23 <= 00000001
                 274@000030b4: $22 <= 00000001
                 278@000030b8: $24 <= 00003291
                 282@000030bc: $22 <= 00000000
                 286@000030c0: $25 <= 00003291
                 290@000030c8: *000012cc <= 32910000
                 290@000030c4: $22 <= 000005a3
                 298@000030cc: $24 <= 00003c24
                 302@000030d0: $25 <= 00000000
                 306@000030d8: *000012e4 <= 00003c24
                 306@000030d4: $22 <= 00001bd4
                 314@000030dc: $25 <= 00000000
                 318@000030e0: $25 <= 00000000
                 322@000030e4: $25 <= 00000225
                 326@000030e8: $22 <= 00000000
                 330@000030ec: $22 <= 00000420
                 334@000030f0: $24 <= 00007c2f
                 342@000030f8: $25 <= 00000000
                 346@000030fc: $24 <= 00000420
                 354@00003104: $22 <= 000046f1
                 358@00003108: $25 <= 00000000
                 390@00003110: $25 <= 000046f1
                 398@00003118: $23 <= ffff84ad
                 402@0000311c: $23 <= ffffcb9e
                 406@00003120: $22 <= ffff84ad
                 426@00003128: $24 <= 00000000
                 430@0000312c: $25 <= 000046f1
                 434@00003134: *000020f4 <= 00ad0000
                 434@00003130: $24 <= 00005f1c
                 442@00003138: $22 <= 84140000
                 446@0000313c: $25 <= 000046f1
                 454@00003148: *00000864 <= 0000009e
                 454@00003144: $25 <= 0000533c
                 462@00003150: *00001b7c <= 1c000000
                 462@0000314c: $22 <= 00003120
                 502@0000315c: *00002b08 <= 0000471e
                 502@00003158: $24 <= 0000471e
                 510@00003160: $24 <= 93690000
                 518@00003168: $23 <= 000077bd
                 522@00003170: *000027fc <= 000077bd
                 522@0000316c: $22 <= 00005d45
                 530@00003174: $22 <= 3ccc0000
                 534@00003178: $25 <= 00000000
                 538@0000317c: $23 <= 000077bd
                 546@00003184: $25 <= ffffd53f
                 550@00003188: $22 <= c333d53f
                 554@0000318c: $23 <= 93690000
                 558@00003190: $23 <= 93690001
                 642@000031a0: $25 <= a40a0000
                 646@000031a4: $25 <= 00004107
                 650@000031a8: $24 <= 00000000
                 666@000031ac: $22 <= c333b4a5
                 670@000031b4: *00002e84 <= 00010000
                 670@000031b0: $24 <= 00003ed2
                 678@000031b8: $22 <= 86400000
                 690@000031c8: *00001538 <= 00003ed2
                 690@000031c4: $23 <= 00005f5d
                 698@000031cc: $24 <= 00005e75
                 702@000031d0: $22 <= 00000000
                 706@000031d4: $23 <= 00005f5d
                 766@000031e0: $23 <= 00000000
                 770@000031e4: $22 <= 0000599e
                 774@000031e8: $25 <= 00000000
                 778@000031ec: $24 <= b4c70000
                 786@000031f4: $25 <= 00000fce
                 790@000031f8: $25 <= 00000000
                 794@000031fc: $25 <= 0000ffff
                 798@00003200: $22 <= 00001ae9
                 802@00003204: $25 <= 00000000
                 806@00003208: $24 <= 00000001
                 810@0000320c: $22 <= 232fbb81
                 814@00003210: $22 <= 000017d9
                 818@00003214: $24 <= 00000000
                 822@00003218: $23 <= 00000000
                 826@0000321c: $25 <= 00000000
                 830@00003220: $25 <= 00000000
                 834@00003224: $25 <= 00000000
                 838@0000322c: *00001514 <= d9000000
                 838@00003228: $25 <= 00002db2
                 846@00003234: *00000920 <= 682a0000
                 846@00003230: $25 <= 0000682a
                 854@00003238: $22 <= 0000e3bf
                 862@00003240: $22 <= f6770000
                 866@00003244: $22 <= 00002fa5
                 870@00003248: $23 <= 00000000
                 874@0000324c: $22 <= 00000243
                 878@00003250: $23 <= 00000000
                 886@00003258: $22 <= 00000000
                 942@00003264: $22 <= 00000001
# run all
                1002@00003274: $25 <= 00000000
                1006@00003278: $22 <= 00000001
                1062@00003284: $22 <= 00000000
                1066@00003288: $23 <= 00000000
                1070@00003290: *000017c0 <= 00004310
                1070@0000328c: $24 <= 00004310
                1078@00003294: $23 <= 00000000
                1082@0000329c: *00001e08 <= 43100000
                1082@00003298: $22 <= 00001570
                1090@000032a0: $25 <= 00005770
                1094@000032a4: $24 <= 00004200
                1098@000032ac: *00000dd4 <= 00000000
                1098@000032a8: $25 <= 0000548d
                1106@000032b0: $22 <= 00001571
                1114@000032bc: *000008c8 <= 71000000
                1114@000032b8: $25 <= 00000b8d
                1122@000032c0: $24 <= 00001571
                1126@000032c4: $25 <= 00000000
                1130@000032c8: $23 <= 00000000
                1134@000032cc: $24 <= 00001571
                1138@000032d0: $24 <= 000013d7
                1142@000032d4: $22 <= 00000000
                1150@000032dc: $25 <= 00000000
                1162@000032e4: $23 <= 00000000
                1166@000032e8: $25 <= 00000000
                1170@000032f0: *000018b8 <= 00000000
                1170@000032ec: $23 <= 000003f4
                1178@000032f4: $24 <= 000027ae
                1182@000032f8: $22 <= 00000000
                1186@000032fc: $24 <= 00004367
                1190@00003300: $25 <= 00000000
                1194@00003308: *00000a00 <= f4000000
                1194@00003304: $22 <= 000031bc
                1210@00003318: *000012b8 <= 00004482
                1210@00003314: $24 <= 00004482
                1218@0000331c: $24 <= 0000f7eb
                1222@00003324: *00002448 <= 00001080
                1222@00003320: $25 <= 00001080
                1230@00003328: $24 <= 00007213
                1234@0000332c: $25 <= 00000000
                1238@00003330: $24 <= 00003709
                1242@00003334: $23 <= 00000000
                1246@0000333c: *00001750 <= 00000000
                1246@00003338: $22 <= 00007f61
                1254@00003344: *00001b5c <= 00000000
                1254@00003340: $22 <= 00001901
                1262@00003348: $23 <= 00000000
                1266@0000334c: $25 <= 00003623
                1270@00003354: *00000af4 <= 00000000
                1270@00003350: $22 <= 000066a1
                1278@00003358: $22 <= 000066a1
                1282@0000335c: $25 <= 00003709
                1286@00003360: $22 <= 000066a1
                1290@00003364: $22 <= 00000000
                1294@00003368: $22 <= 00000001
                1298@0000336c: $22 <= fffff59c
                1302@00003370: $25 <= 00000000
                1306@00003374: $24 <= 000059e4
                1310@00003378: $25 <= 00003120
                1314@0000337c: $23 <= 00000000
                1318@00003380: $23 <= 00003fb0
                1322@00003388: *00001b10 <= 3fb00000
                1322@00003384: $24 <= 000060a1
                1330@0000338c: $22 <= 0000bfb1
                1334@00003390: $22 <= 5bc30000
                1338@00003394: $23 <= 00007a2e
                1342@00003398: $25 <= 00000000
                1346@0000339c: $25 <= 00007aaf
                1350@000033a4: *000014b8 <= 0000080f
                1350@000033a0: $23 <= 0000080f
                1362@000033ac: $25 <= 00007aaf
                1366@000033b4: *00002b3c <= 0000080f
                1366@000033b0: $24 <= 000032e7
                1378@000033c0: *000004dc <= 0000af00
                1378@000033bc: $22 <= 00003716
                1386@000033c8: *00002ad8 <= 0000080f
                1386@000033c4: $24 <= 000059d9
                1394@000033cc: $22 <= 00006220
                1398@000033d0: $25 <= 00000000
                1402@000033d4: $24 <= 00000847
                1406@000033d8: $22 <= 00000847
                1414@000033e0: $22 <= 0000080f
                1418@000033e4: $23 <= 00005a69
                1422@000033e8: $23 <= 00000000
                1430@000033ec: $24 <= 00000001
                1434@000033f0: $25 <= fffff7f2
                1442@000033f8: $24 <= 00003701
                1446@000033fc: $22 <= 00000001
                1510@0000340c: $23 <= 00000000
                1514@00003414: *00000388 <= 00000001
                1514@00003410: $25 <= 00006e21
                1566@00003420: $24 <= 00000001
                1570@00003424: $25 <= 00006e21
                1574@00003428: $25 <= 00005e85
                1578@0000342c: $22 <= 00000000
                1590@00003430: $25 <= 00000000
                1594@00003438: *000009b0 <= 23830000
                1594@00003434: $25 <= 00002383
                1606@00003440: $23 <= 00002383
                1610@00003448: *00001210 <= 00002383
                1610@00003444: $25 <= 00002854
                1618@0000344c: $24 <= 00002854
                1622@00003450: $25 <= 00005658
                1626@00003454: $25 <= 00000000
                1630@00003458: $25 <= 2e950000
                1634@0000345c: $24 <= 0000db65
                1638@00003460: $23 <= 00000001
                1642@00003464: $23 <= 2e950000
                1646@00003468: $23 <= 2e9558ed
                1650@0000346c: $25 <= 0000556a
                1654@00003470: $22 <= 00000000
                1658@00003478: *00001130 <= 36990000
                1658@00003474: $25 <= 00003699
                1666@0000347c: $23 <= 8e700000
                1670@00003480: $23 <= 00000000
                1674@00003484: $22 <= f46c0000
                1678@00003488: $23 <= 0000db75
                1682@0000348c: $24 <= f46c390c
                1686@00003490: $22 <= f46c3699
                1694@00003498: $22 <= 0000fffd
                1702@000034a0: $25 <= 00008938
                1706@000034a4: $22 <= 0000fffd
                1778@000034b0: $23 <= 000067b9
                1782@000034b4: $24 <= 00000000
                1786@000034bc: *000013d0 <= 00000000
                1786@000034b8: $25 <= 000022f5
                1794@000034c0: $24 <= 000067b9
                1798@000034c4: $24 <= 000067b9
                1806@000034cc: $23 <= 00000000
                1850@000034d0: $23 <= 00000000
                1854@000034d8: *00000460 <= 00007c37
                1854@000034d4: $25 <= 00007c37
                1862@000034dc: $22 <= 0000fffd
                1870@000034e4: $23 <= 00003f18
                1874@000034e8: $23 <= 00000000
                1918@000034f0: $22 <= 000067b9
                1942@000034f4: $22 <= 3253e4bf
                1946@000034f8: $22 <= 00007cb7
                1950@000034fc: $22 <= 000070b4
                1962@00003508: $25 <= 00000000
                1966@0000350c: $23 <= 00004c3c
                1970@00003510: $25 <= 0000b3f5
                1974@00003514: $23 <= 1a2e0000
                1978@00003518: $22 <= 00000000
                1982@0000351c: $23 <= 1a2e414a
                1986@00003520: $25 <= 000056e6
                1990@00003524: $23 <= 00000000
                1994@00003528: $23 <= 0000819a
                1998@00003530: *00001440 <= 009a0000
                1998@0000352c: $25 <= 00006b16
                2006@00003534: $24 <= 0000e7bb
                2010@00003538: $22 <= 00007192
                2014@0000353c: $22 <= 000067b9
                2018@00003540: $24 <= ffff835b
                2022@00003544: $24 <= 0000d5f9
                2026@0000354c: *00001fc0 <= 67b90000
                2026@00003548: $23 <= 00000cfd
                2038@00003554: $23 <= 00004b6a
                2042@00003558: $24 <= 00000000
                2046@0000355c: $22 <= 00000000
                2062@00003560: $23 <= 05432dd5
                2066@00003564: $23 <= 00002914
                2070@0000356c: *00002620 <= 7af30000
                2070@00003568: $23 <= 00007af3
                2078@00003570: $23 <= d4880000
                2086@00003578: $24 <= 00006002
                2090@0000357c: $23 <= 00009dfb
                2094@00003580: $23 <= 69740000
                2098@00003584: $22 <= 00006002
                2134@00003590: $23 <= 00002ee4
                2138@00003594: $22 <= 00000000
                2142@00003598: $25 <= 0000d62c
                2206@000035b0: *00001b54 <= 000000e4
                2206@000035ac: $22 <= 000002ca
                2214@000035b4: $22 <= 00011d89
                2218@000035bc: *00002f3c <= 00000680
                2218@000035b8: $22 <= 00000680
                2226@000035c0: $23 <= 00002958
                2230@000035c4: $24 <= 00000000
                2234@000035c8: $23 <= 00003e11
                2238@000035cc: $24 <= 00000000
                2242@000035d0: $23 <= 00000c8d
                2246@000035d4: $23 <= 00000000
                2250@000035d8: $24 <= 00000600
                2258@000035e0: $24 <= 00000c80
                2262@000035e4: $24 <= 00000c81
                2334@000035f0: $24 <= ffff3655
                2362@000035f8: $24 <= 000043d2
                2366@000035fc: $24 <= 00000000
                2370@00003600: $25 <= 00000000
                2374@00003604: $22 <= 00000681
                2382@0000360c: $24 <= 00000001
                2386@00003610: $22 <= 00000000
                2390@00003614: $23 <= 00003a5f
                2394@00003618: $23 <= 00000000
                2430@00003620: $25 <= 0c270000
                2434@00003624: $22 <= 00000001
                2438@0000362c: *00000f4c <= 00000001
                2438@00003628: $23 <= 000008cf
                2446@00003630: $22 <= 00000000
                2450@00003634: $24 <= 00006fe4
                2454@00003638: $24 <= 00000000
                2458@0000363c: $23 <= 000008cf
                2466@00003644: $25 <= 00004b13
                2470@00003648: $22 <= 00000001
                2478@00003650: $24 <= 00000001
                2486@00003658: $23 <= 00000000
                2494@00003660: $23 <= 00000fde
                2498@00003664: $24 <= 00000000
                2506@00003668: $24 <= 00000000
                2510@0000366c: $22 <= 00000000
                2518@00003674: $24 <= fffff022
                2522@00003678: $22 <= 00000fde
                2526@0000367c: $24 <= 00000001
                2530@00003680: $22 <= 00000fde
                2534@00003684: $22 <= 000015bb
                2538@00003688: $24 <= 98700000
                2542@0000368c: $23 <= 00000000
                2550@00003694: $25 <= 98700000
                2574@00003698: $24 <= 00000000
                2586@000036a4: $22 <= 00000001
                2590@000036ac: *00001c38 <= 00000001
                2590@000036a8: $23 <= 000007c1
                2598@000036b0: $24 <= 00001cc8
                2602@000036b4: $24 <= 00000000
                2610@000036b8: $24 <= 00000001
                2614@000036bc: $24 <= 00000001
                2670@000036cc: *00002ae4 <= 00003d71
                2670@000036c8: $25 <= 00003d71
                2678@000036d0: $22 <= 00005d94
                2682@000036d4: $22 <= 00000000
                2686@000036d8: $25 <= 00000000
                2690@000036dc: $22 <= ffff86d2
                2698@000036e4: $23 <= 00000141
                2702@000036e8: $25 <= 000029dd
                2706@000036ec: $25 <= 00000000
                2710@000036f4: *000015f4 <= 00000000
                2710@000036f0: $24 <= 000011e2
                2718@000036f8: $24 <= 0000562c
                2722@000036fc: $24 <= 00000000
                2730@00003700: $22 <= 00000000
                2734@00003704: $24 <= 00000000
                2738@00003708: $22 <= 36be0000
                2742@0000370c: $22 <= 00000000
                2746@00003710: $22 <= 00000001
                2750@00003714: $22 <= 00000141
                2754@00003718: $22 <= 00005d39
                2758@0000371c: $24 <= 00000000
                2762@00003720: $25 <= 00000001
                2766@00003724: $22 <= 00000001
                2770@00003728: $25 <= 00000001
                2774@0000372c: $25 <= 00003bcb
                2778@00003730: $25 <= 00000000
                2782@00003734: $22 <= 00000001
                2786@00003738: $22 <= 00005254
                2790@0000373c: $22 <= 00000000
                2798@00003744: $24 <= 00000001
                2802@00003748: $24 <= 0000333c
                2806@0000374c: $23 <= ffffce05
                2810@00003754: *00000030 <= 00000000
                2810@00003750: $23 <= 00004bbc
                2818@00003758: $25 <= 9eab0000
                2822@0000375c: $22 <= 00000001
                2830@00003764: $25 <= 9eab0001
                2878@0000376c: $23 <= 00004829
                2882@00003770: $25 <= 00000000
                2886@00003774: $23 <= 00003172
                2890@00003778: $23 <= 00000000
                2930@00003784: $25 <= 00000000
                2942@00003790: $24 <= 187e0000
                2946@00003794: $24 <= 00004b2e
                2950@00003798: $23 <= 00000000
                2954@000037a0: *00002228 <= 4b2e0000
                2954@0000379c: $22 <= 00001cd6
                2962@000037a8: *00000814 <= 00000000
                2962@000037a4: $22 <= 00005f95
                2974@000037b0: $22 <= 00004b2e
                2986@000037bc: $25 <= 0000009a
                2990@000037c0: $25 <= 00000000
                3010@000037c4: $22 <= 00000000
                3014@000037c8: $23 <= 00000001
                3022@000037d0: $22 <= 0000965c
                3070@000037d8: $22 <= 0000052c
                3074@000037dc: $24 <= 00000000
                3078@000037e0: $24 <= 00007325
                3082@000037e4: $22 <= 00000001
                3086@000037ec: *00002130 <= 00770000
                3086@000037e8: $22 <= 00002577
                3098@000037f4: $22 <= 00000000
                3102@000037f8: $24 <= 00000000
                3106@000037fc: $25 <= 614a0000
                3114@00003804: $24 <= 00007e8d
                3118@00003808: $22 <= 00000000
                3130@00003810: $24 <= 00000000
                3134@00003814: $24 <= 00000000
                3158@00003820: *000021e8 <= 00004efb
                3158@0000381c: $23 <= 00004efb
                3166@00003824: $25 <= 00000001
                3170@00003828: $24 <= 00000001
                3174@0000382c: $24 <= 00000000
                3178@00003830: $25 <= 00000001
                3182@00003834: $24 <= 00000001
                3186@00003838: $22 <= 00000001
                3194@00003840: $23 <= 00004efb
                3242@00003848: $23 <= 000001ad
                3246@0000384c: $22 <= 00000000
                3250@00003850: $23 <= 00000001
                3254@00003854: $23 <= 00000001
                3290@0000385c: $25 <= 00001073
                3334@00003860: $23 <= 00000000
                3338@00003864: $22 <= 000062c1
                3342@00003868: $24 <= 00000000
                3346@00003870: *000028ec <= 00000000
                3346@0000386c: $22 <= 000019ef
                3354@00003878: *00002f08 <= 00001073
                3354@00003874: $24 <= 0000157d
                3362@00003880: *00001ffc <= 00730000
                3362@0000387c: $22 <= 00002c8e
                3370@00003884: $25 <= 00001073
                3378@0000388c: $22 <= 0000175b
                3382@00003890: $25 <= 0000216a
                3386@00003894: $22 <= 000033fb
                3390@00003898: $24 <= 00001d04
                3394@0000389c: $23 <= 00000000
                3398@000038a0: $24 <= 00001dce
                3402@000038a4: $25 <= 0000288e
                3406@000038a8: $25 <= 00000000
                3454@000038b4: $23 <= 00000001
                3482@000038bc: $24 <= 00000001
                3486@000038c0: $23 <= 00000000
                3490@000038c4: $24 <= 00002e92
                3494@000038c8: $22 <= 00000000
                3530@000038d4: $23 <= 00001cf3
                3534@000038d8: $23 <= 00000000
                3538@000038dc: $22 <= 00007d2d
                3546@000038e4: $22 <= 00007d2d
                3550@000038e8: $24 <= 0000327a
                3554@000038ec: $25 <= 00000000
                3558@000038f0: $23 <= 00001170
                3562@000038f4: $24 <= 00000000
                3598@00003900: $25 <= 00000000
                3602@00003904: $23 <= 00007a59
                3606@00003908: $24 <= 00000000
                3614@0000390c: $25 <= 00004658
                3618@00003910: $22 <= 00007a59
                3622@00003914: $24 <= 00007ac6
                3626@00003918: $23 <= 00000000
                3634@00003920: $23 <= 000048ea
                3638@00003924: $24 <= 00007ac7
                3710@00003930: $25 <= 2fc50000
                3738@00003938: $23 <= 3aad852f
                3742@00003940: *0000031c <= c7000000
                3742@0000393c: $23 <= 0000170f
                3754@00003948: $23 <= 2fc5574e
                3758@00003950: *00001e50 <= 0000574e
                3758@0000394c: $24 <= 00001739
                3766@00003954: $25 <= 2fc5574e
                3774@0000395c: $24 <= 3aad852f
                3778@00003960: $24 <= 6a72dc7d
                3782@00003964: $25 <= 00006ee7
                3786@00003968: $22 <= 00000000
                3790@0000396c: $22 <= 00007ee7
                3794@00003970: $24 <= 00004a08
                3798@00003974: $23 <= 00000000
                3802@00003978: $23 <= 00004a08
                3806@0000397c: $23 <= 00004a08
                3814@00003984: $24 <= 0000cd78
                3818@00003988: $24 <= 0000efff
                3822@0000398c: $23 <= 00004a09
                3842@00003994: $25 <= 0f530000
                3846@0000399c: *00000f48 <= 00004a09
                3846@00003998: $22 <= 0000772d
                3854@000039a4: *00002ed8 <= 001d0000
                3854@000039a0: $23 <= 00001d1d
                3862@000039a8: $22 <= 00007f6d
                3866@000039ac: $22 <= 00000000
                3870@000039b0: $25 <= 00000000
                3874@000039b8: *000013d0 <= 00000000
                3874@000039b4: $24 <= 00002cdc
                3882@000039bc: $23 <= 00000000
                3886@000039c4: *00001de0 <= 000050ed
                3886@000039c0: $24 <= 000050ed
                3894@000039c8: $24 <= 00000f15
                3898@000039cc: $22 <= 00000000
                3906@000039d0: $23 <= 00000000
                3910@000039d4: $23 <= 00000003
                3914@000039d8: $22 <= 00000003
                3918@000039dc: $24 <= 000026c8
                3922@000039e0: $25 <= 00000000
                3926@000039e4: $23 <= 00006fcc
                3930@000039e8: $25 <= 00000000
                3934@000039ec: $24 <= 00000000
                3970@000039f8: $24 <= 00006fcc
                3978@00003a00: $22 <= 00000000
                3982@00003a04: $25 <= 00006fcc
                3986@00003a0c: *00002a24 <= 00000000
                3986@00003a08: $25 <= 000023f0
                3994@00003a10: $22 <= 00000000
                3998@00003a14: $25 <= 0000683a
                4002@00003a18: $25 <= 00000000
                4006@00003a1c: $24 <= 0000dc81
                4010@00003a24: *00002860 <= 00000000
                4010@00003a20: $22 <= 000064b9
                4018@00003a28: $23 <= 30d28a90
                4022@00003a2c: $24 <= 00000000
                4026@00003a30: $22 <= 0000529c
                4030@00003a34: $24 <= 00000000
                4046@00003a44: *00001c24 <= 529c0000
                4046@00003a40: $24 <= 00003950
                4054@00003a4c: *00001238 <= 50000000
                4054@00003a48: $25 <= 00001d3d
                4066@00003a54: $25 <= ffffba08
                4070@00003a58: $22 <= 3bbc0000
                4106@00003a68: *00001920 <= 30d28a90
                4106@00003a64: $22 <= 00006e21
                4114@00003a6c: $23 <= 30d25140
                4118@00003a74: *00001458 <= 00003950
                4118@00003a70: $22 <= 000054fe
                4130@00003a78: $25 <= 00000000
                4134@00003a7c: $24 <= 0cd4b900
                4138@00003a80: $24 <= 00000000
                4142@00003a84: $25 <= 000054b6
                4150@00003a90: *00002a5c <= 00003b40
                4150@00003a8c: $25 <= 00003b40
                4158@00003a94: $23 <= 00000000
                4162@00003a98: $23 <= 0000bbea
                4170@00003aa0: $25 <= 00005f06
                4174@00003aa4: $23 <= 00000000
                4178@00003aac: *0000247c <= 00000600
                4178@00003aa8: $24 <= 00006468
                4186@00003ab0: $22 <= fffffa9e
                4190@00003ab4: $31 <= 00003abc
                4194@00003ab8: $11 <= 00000000
                4210@00003ac4: $31 <= 00003acc
                4222@00003b04: $10 <= 00000000
                4226@00003b08: $15 <= 00002bdd
                4230@00003b0c: $20 <= 00000000
                4234@00003b10: $15 <= 0000f2d7
                4238@00003b14: $18 <= 00012dc6
                4242@00003b18: $13 <= 00001e34
                4246@00003b1c: $21 <= 00000000
                4250@00003b20: $11 <= 0000c091
                4254@00003b24: $15 <= 0000f2d7
                4262@00003b2c: $15 <= 00006dba
                4266@00003b30: $10 <= 00000000
                4270@00003b34: $16 <= 0000c091
                4310@00003b3c: $17 <= 000026ed
                4314@00003b40: $10 <= 0000040a
                4318@00003b44: $20 <= 00017fce
                4358@00003b4c: $21 <= 00000000
                4362@00003b54: *00001ec8 <= 00000000
                4362@00003b50: $13 <= 000048c9
                4370@00003b58: $ 9 <= 00001419
                4374@00003b5c: $ 9 <= 00001419
                4430@00003b68: $16 <= 00001007
                4434@00003b6c: $13 <= 00000000
                4442@00003b70: $16 <= 00000000
                4454@00003acc: $ 9 <= 00006dba
                4462@00003ad4: $ 9 <= 00000001
                4466@00003ad8: $ 9 <= 00000000
                4470@00003ae0: *00000d28 <= 00000000
                4470@00003adc: $12 <= 00003f6b
                4478@00003ae4: $12 <= 00000000
                4486@00003aec: $13 <= 00000001
                4490@00003af0: $10 <= 00000001
                4494@00003af4: $ 8 <= 0000789b
                4498@00003af8: $21 <= 00000000
                4502@00003afc: $31 <= 00003b04
                4514@00003b7c: $17 <= 00000008
                4526@00003b88: $ 9 <= 0000789b
                4530@00003b8c: $ 9 <= 0000789b
                4590@00003b9c: $ 9 <= 0000789b
                4594@00003ba0: $ 9 <= 00000000
                4598@00003ba4: $ 8 <= 00000000
                4602@00003ba8: $ 9 <= 00110000
                4610@00003bb0: $ 8 <= 0010fff8
                4614@00003bb4: $17 <= 00110000
                4618@00003bb8: $17 <= 00000000
                4622@00003bbc: $17 <= 0010fff8
                4626@00003bc0: $ 9 <= 0021fff0
                4630@00003bc4: $ 8 <= 00000365
                4634@00003bc8: $ 8 <= 00000000
                4642@00003bcc: $ 8 <= 00000009
                4646@00003bd4: *000029b4 <= 0021fff0
                4646@00003bd0: $17 <= 00002521
                4654@00003bd8: $ 8 <= 0021fff9
                4658@00003bdc: $ 9 <= 00000a2f
                4662@00003be0: $17 <= 00000000
                4670@00003be8: $ 9 <= 00000a2f
                4678@00003bf0: $17 <= 0021fff9
                4686@00003bf8: $ 8 <= 0021f5ca
                4690@00003bfc: $ 9 <= 00000009
                4694@00003c00: $ 8 <= 0021f5cb
                4726@00003c08: $17 <= 00000009
                4730@00003c0c: $ 8 <= 00000009
                4734@00003c10: $ 8 <= 00000009
                4738@00003c14: $17 <= 00000009
                4742@00003c18: $17 <= 00000009
                4746@00003c1c: $17 <= 00000009
                4774@00003c24: $ 8 <= 00000012
                4778@00003c28: $17 <= 00000008
                4782@00003c2c: $ 9 <= 0000001a
                4786@00003c34: *0000073c <= 00000012
                4786@00003c30: $17 <= 000076ac
                4822@00003c3c: $ 8 <= 00000013
                4878@00003c48: $ 9 <= 0000299e
                4882@00003c4c: $ 9 <= 00000000
                4906@00003c58: *00002a84 <= cb000000
                4906@00003c54: $ 8 <= 00007bcb
                4914@00003c5c: $17 <= 00090000
                4918@00003c64: *00000dbc <= cb000000
                4918@00003c60: $17 <= 0000376c
                4926@00003c68: $ 8 <= 00007bcb
                4934@00003c70: $ 8 <= 00007bcb
                4990@00003c7c: $17 <= 0000617e
                4994@00003c80: $ 8 <= 00000000
                4998@00003c84: $ 8 <= 00000000
                5002@00003c88: $17 <= 0000285e
                5006@00003c8c: $ 8 <= 00000000
                5010@00003c90: $12 <= 00000000
                5014@00003c94: $ 9 <= 0000285e
                5018@00003c98: $14 <= 00007bcb
                5022@00003c9c: $ 9 <= 00000000
                5026@00003ca0: $ 9 <= 0000285f
                5034@00003cac: *00001a9c <= 285f0000
                5034@00003ca8: $ 8 <= 000000f2
                5042@00003cb0: $ 9 <= 000041a0
                5046@00003cb4: $17 <= 00000000
                5050@00003cb8: $17 <= 00005a15
                5054@00003cbc: $17 <= 00000000
                5058@00003cc0: $17 <= 000041a0
                5062@00003cc8: *000007c8 <= 000000f2
                5062@00003cc4: $ 9 <= 000059d3
                5070@00003ccc: $ 8 <= 000078be
                5074@00003cd0: $ 8 <= 00000000
                5078@00003cd4: $ 8 <= 00006784
                5082@00003cd8: $ 9 <= 00000000
                5090@00003cdc: $ 8 <= ffffbe60
                5098@00003ce4: $ 9 <= 000041a0
                5102@00003ce8: $ 9 <= 00110000
                5110@00003cf0: $17 <= 0010be60
                5114@00003cf4: $18 <= 000041a0
                5118@00003cf8: $17 <= 0010be61
                5174@00003d04: $ 9 <= 0010be69
                5178@00003d08: $ 8 <= 000030ba
                5182@00003d0c: $ 8 <= 00000000
                5198@00003d18: $ 8 <= 00000009
                5202@00003d1c: $17 <= 00000001
                5206@00003d20: $ 8 <= 00000009
                5214@00003d28: $ 9 <= 00000000
                5262@00003d34: *0000265c <= 00000900
                5262@00003d30: $17 <= 00001284
                5270@00003d38: $ 9 <= 00004631
                5274@00003d3c: $17 <= 00000000
                5282@00003d40: $17 <= 00000001
                5290@00003d48: $17 <= 00000001
                5338@00003d50: $ 9 <= 00000000
                5342@00003d54: $ 8 <= 00000000
                5346@00003d58: $17 <= 00000011
                5382@00003d5c: $17 <= 00000000
                5390@00003d64: $ 8 <= 00000000
                5394@00003d68: $ 9 <= 00000000
                5398@00003d6c: $ 8 <= 00000000
                5402@00003d70: $ 8 <= 00000000
                5406@00003d74: $17 <= 00110000
                5410@00003d78: $17 <= 00000000
                5414@00003d7c: $ 8 <= 00000000
                5418@00003d80: $17 <= 00003dec
                5422@00003d84: $ 8 <= 00000000
                5430@00003d88: $17 <= 00003dec
                5442@00003d94: $17 <= 00000000
                5446@00003d9c: *0000137c <= 000016d1
                5446@00003d98: $ 9 <= 000016d1
                5454@00003da0: $18 <= 00000000
                5458@00003da4: $17 <= 000016d9
                5462@00003da8: $17 <= 00000001
                5466@00003db0: *00000af0 <= 00000000
                5466@00003dac: $ 9 <= 00004d1b
                5474@00003db4: $17 <= 00000000
                5478@00003dbc: *00001448 <= 0000240e
                5478@00003db8: $ 8 <= 0000240e
                5486@00003dc0: $ 8 <= 00004d1b
                5490@00003dc8: *0000294c <= 00007a76
                5490@00003dc4: $ 9 <= 00007a76
                5498@00003dcc: $17 <= 00000001
                5502@00003dd0: $ 8 <= 00006d40
                5506@00003dd4: $ 9 <= 00000000
                5510@00003ddc: *00001e24 <= 00000000
                5510@00003dd8: $ 8 <= 00001198
                5518@00003de0: $ 8 <= 00000000
                5522@00003de4: $ 9 <= 00000000
                5526@00003de8: $ 9 <= 00000001
                5534@00003df4: *000024c4 <= 7dc90000
                5534@00003df0: $ 9 <= 00007dc9
                5546@00003dfc: $17 <= 00000009
                5550@00003e00: $ 8 <= 00000001
                5622@00003e0c: $17 <= 00000000
                5626@00003e10: $ 9 <= 00000000
                5630@00003e14: $17 <= 00000000
                5634@00003e1c: *00001938 <= 00000000
                5634@00003e18: $17 <= 00004771
                5642@00003e20: $ 9 <= 00003712
                5646@00003e24: $ 8 <= 00000000
                5650@00003e28: $ 9 <= 00007169
                5654@00003e2c: $ 9 <= 00000000
                5662@00003e34: $17 <= 00004771
                5666@00003e38: $17 <= 00000000
                5670@00003e40: *00002f5c <= d9000000
                5670@00003e3c: $ 8 <= 00007ad9
                5678@00003e44: $17 <= 00000009
                5694@00003e54: $ 9 <= 00090000
                5698@00003e58: $ 8 <= 000001f8
                5702@00003e5c: $ 8 <= 00000000
                5706@00003e64: *00001b9c <= 00000000
                5706@00003e60: $ 8 <= 000077ff
                5714@00003e68: $ 8 <= 00000009
                5718@00003e6c: $17 <= 0008fff7
                5722@00003e74: *0000233c <= cf000000
                5722@00003e70: $ 9 <= 00002ccf
                5730@00003e78: $ 9 <= 00006467
                5734@00003e7c: $17 <= 00000000
                5738@00003e80: $ 8 <= 00006f6f
                5742@00003e84: $ 8 <= 00000000
                5746@00003e88: $ 9 <= 00006470
                5750@00003e8c: $ 8 <= 00000001
                5762@00003e98: $ 8 <= 00000002
                5766@00003e9c: $17 <= 00006472
                5770@00003ea0: $ 8 <= 00000003
                5806@00003ea8: $17 <= 000051c0
                5810@00003eac: $ 9 <= 00000000
                5814@00003eb0: $17 <= 000051c3
                5818@00003eb4: $ 9 <= 00090000
                5822@00003ebc: *00002c70 <= 00000000
                5822@00003eb8: $17 <= 0000635d
                5830@00003ec0: $17 <= 00000000
                5834@00003ec4: $ 8 <= 0000000b
                5838@00003ec8: $ 9 <= 00000000
                5854@00003ed0: $20 <= 00000000
                5858@00003ed8: *00000ec4 <= 1ec00000
                5858@00003ed4: $ 8 <= 00001ec0
                5866@00003edc: $14 <= 00000000
                5870@00003ee0: $ 9 <= 00001ed1
                5874@00003ee4: $14 <= 00000000
                5878@00003ee8: $17 <= 00000001
                5886@00003ef0: $ 9 <= 00006a24
                5890@00003ef4: $ 8 <= 00000000
                5934@00003efc: $15 <= 00000001
                5938@00003f00: $17 <= 00000000
                5942@00003f04: $19 <= 00000001
                5946@00003f0c: *00002ac0 <= 00000000
                5946@00003f08: $ 8 <= 00001237
                5986@00003f18: $21 <= 00000000
                5990@00003f1c: $ 8 <= 0000d448
                5994@00003f20: $18 <= 078d55bc
                5998@00003f24: $17 <= 0000d459
                6002@00003f28: $ 8 <= 0000d462
                6010@00003f30: $ 8 <= 0000d440
                6038@00003f38: $ 9 <= 00005a8d
                6042@00003f3c: $ 9 <= 00000000
                6046@00003f44: *000003e4 <= 0000002f
                6046@00003f40: $ 9 <= 0000742f
                6054@00003f48: $ 8 <= 00000000
                6058@00003f4c: $ 9 <= ffff9fd6
                6062@00003f50: $ 9 <= 58005900
                6066@00003f54: $ 8 <= 00000000
                6070@00003f58: $ 9 <= 58005901
                6078@00003f60: $ 9 <= 000035ae
                6082@00003f64: $ 8 <= 00000000
                6086@00003f6c: *00001688 <= 00001148
                6086@00003f68: $17 <= 00001148
                6094@00003f70: $17 <= 00000000
                6098@00003f74: $17 <= 00000001
                6102@00003f78: $ 8 <= 00001759
                6106@00003f7c: $ 9 <= 00000000
                6126@00003f84: $ 8 <= 00005055
                6130@00003f88: $ 8 <= 00000000
                6134@00003f8c: $ 8 <= 0000071b
                6138@00003f90: $ 9 <= 00000000
                6142@00003f94: $12 <= 00000001
                6146@00003f98: $17 <= 0000071b
                6150@00003f9c: $ 9 <= 000052ae
                6154@00003fa0: $ 9 <= 00000000
                6162@00003fa4: $ 8 <= 00000000
                6166@00003fa8: $17 <= 00000000
                6170@00003fb0: *00000e54 <= 0000000b
                6170@00003fac: $ 8 <= 00003e0b
                6182@00003fb8: $17 <= 00000000
                6186@00003fc0: *00001a8c <= 00000000
                6186@00003fbc: $17 <= 00006792
                6194@00003fc4: $ 8 <= 00005cc5
                6198@00003fc8: $17 <= 00000000
                6202@00003fcc: $ 8 <= 00000453
                6206@00003fd0: $ 9 <= 00000000
                6210@00003fd4: $ 8 <= 00000453
                6266@00003fe0: $ 9 <= 00110000
                6270@00003fe4: $ 9 <= 00000c2d
                6274@00003fe8: $ 8 <= 00000000
                6282@00003fec: $ 8 <= 00000001
                6346@00004000: $ 9 <= 00000001
                6350@00004004: $ 9 <= 00000001
                6358@00004010: *00002b60 <= 00000000
                6358@0000400c: $ 8 <= 000043b1
                6366@00004014: $ 9 <= 00000001
                6454@00004020: $ 9 <= 00000000
                6466@0000402c: $ 8 <= 000052d1
                6470@00004030: $17 <= 00000000
                6478@00004034: $17 <= 00000000
                6482@00004038: $17 <= 00007f32
                6486@0000403c: $ 9 <= 00000000
                6494@00004040: $ 9 <= ffff80ce
                6498@00004044: $17 <= 0000d203
                6502@0000404c: *00001194 <= ffff80ce
                6502@00004048: $17 <= 000060c6
                6510@00004050: $ 8 <= ffffe194
                6514@00004058: *000000fc <= ffff80ce
                6514@00004054: $17 <= 00002ff0
                6530@00004064: $ 9 <= 000044da
                6534@00004068: $ 8 <= 00000000
                6538@0000406c: $ 9 <= 000048cd
                6542@00004070: $ 8 <= 00000000
                6554@00004078: $ 9 <= 0000259d
                6558@0000407c: $17 <= 00000000
                6562@00004080: $ 9 <= 00004e1a
                6566@00004084: $ 8 <= 00000000
                6582@0000408c: $ 9 <= 00000008
                6586@00004090: $ 8 <= 00000000
                6590@00004094: $17 <= 00000008
                6594@00004098: $ 8 <= 00000000
                6598@0000409c: $17 <= 00090000
                6606@000040a4: $12 <= 00000000
                6610@000040a8: $18 <= 00000000
                6614@000040ac: $ 9 <= 00000000
                6618@000040b0: $ 9 <= 00000001
                6670@000040b8: $18 <= 00000000
                6674@000040bc: $ 9 <= 00000011
                6678@000040c0: $11 <= 00000000
                6682@000040c4: $17 <= 00000001
                6686@000040c8: $ 8 <= 00000ff0
                6690@000040cc: $ 8 <= 00000000
                6698@000040d8: *00001338 <= 000000fe
                6698@000040d4: $17 <= 000065fe
                6706@000040dc: $17 <= 000065ff
                6762@000040e8: $ 8 <= 00002b65
                6766@000040ec: $17 <= 00000000
                6770@000040f0: $ 9 <= 0000227e
                6774@000040f4: $ 8 <= 00000000
                6790@000040fc: $17 <= 00000000
                6794@00004104: *000025c8 <= 00006d52
                6794@00004100: $ 9 <= 00006d52
                6806@0000410c: $ 8 <= 00000000
                6810@00004114: *00002d10 <= 00000000
                6810@00004110: $17 <= 0000384d
                6818@00004118: $17 <= 00000000
                6822@0000411c: $ 9 <= 00000000
                6830@00004124: $17 <= 00000000
                6854@00004128: $ 9 <= 00000000
                6858@0000412c: $ 9 <= 00000000
                6862@00004130: $ 8 <= 00000009
                6866@00004134: $ 8 <= 00000009
                6874@0000413c: $ 9 <= 00000001
                6922@00004144: $ 9 <= 00000000
                6926@00004148: $ 8 <= 000000ff
                6930@0000414c: $ 8 <= 00000000
                6934@00004150: $17 <= 00000001
                7018@0000415c: $ 9 <= 00006d31
                7022@00004160: $ 8 <= 00000000
                7026@00004164: $ 8 <= 00000001
                7030@00004168: $ 8 <= 00000001
                7034@0000416c: $14 <= 00000000
                7070@0000417c: *00000c14 <= 00006d31
                7070@00004178: $ 8 <= 00000123
                7082@00004184: $ 9 <= 00000000
                7086@00004188: $ 9 <= 00000000
                7090@0000418c: $ 9 <= 00000246
                7094@00004190: $17 <= 00003e8e
                7098@00004194: $ 9 <= 00000000
                7106@0000419c: $ 8 <= 00000001
                7110@000041a0: $ 9 <= 00003e8e
                7150@000041b0: $17 <= 00000001
                7158@000041b8: $17 <= 00000000
                7166@000041c4: $10 <= 00000000
                7170@000041c8: $17 <= 7bac0000
                7174@000041cc: $21 <= 00000001
                7186@000041d8: $15 <= 000006df
                7190@000041dc: $15 <= 00000000
                7194@000041e0: $16 <= 00000000
                7202@000041e8: $18 <= 00000000
                7238@000041f8: $16 <= 00002f4b
                7246@00004208: $ 8 <= 00006a57
                7250@0000420c: $13 <= 00000000
                7258@00004210: $14 <= 00000001
                7270@0000421c: $15 <= 00000001
                7278@0000422c: $ 2 <= 0000ac24
                7282@00004234: *00000000 <= 00004fe1
                7282@00004230: $ 3 <= 00004fe1
                7290@00004238: $ 2 <= 00004fe1
                7306@00004240: $17 <= 0000484b
                7314@00004254: $13 <= 00007796
                7318@0000425c: *000025dc <= 8e000000
                7318@00004258: $10 <= 00006e8d
                7326@00004260: $20 <= 00000001
                7338@00004268: $15 <= 8d7d0000
                7342@0000426c: $15 <= 8d7d2f4b
                7350@00004274: $16 <= 00002f4b
                7358@00004280: *00002a10 <= 00000001
                7358@0000427c: $17 <= 00005535
                7366@00004284: $18 <= 00000001
                7378@0000428c: $16 <= 00000001
                7402@00004290: $16 <= 00000000
                7410@00004298: $16 <= 00000001
                7414@0000429c: $19 <= 00000000
                7418@000042a0: $ 8 <= 00007797
                7430@000042a8: $15 <= 000008a8
                7434@000042ac: $17 <= 00000000
                7442@000042b0: $16 <= fffff758
                7450@000042b8: $16 <= 00000000
                7454@000042bc: $ 9 <= 00000000
                7458@000042c4: *00000774 <= 00000000
                7458@000042c0: $21 <= 000057bd
                7470@000042cc: $16 <= aca20000
                7478@000042d8: $ 2 <= 00006cba
                7482@000042e0: *00000000 <= 0000755a
                7482@000042dc: $ 3 <= 0000755a
                7490@000042e4: $ 2 <= 0000755a
                7506@000042ec: $17 <= 00000000
                7514@000042fc: $ 9 <= 918d0000
                7530@0000430c: $15 <= 00000000
                7534@00004310: $15 <= 00000001
                7546@0000431c: $16 <= 000060a4
                7550@00004320: $12 <= 00000000
                7590@00004328: $10 <= 00007fbd
                7598@00004330: $16 <= 000006aa
                7606@00004340: $13 <= 00005892
                7610@00004344: $12 <= 00000000
                7614@00004348: $19 <= 00000001
                7618@00004350: *00001744 <= 58920000
                7618@0000434c: $10 <= 000066f7
                7634@0000435c: $15 <= 0000836f
                7642@00004364: $13 <= 3a910000
                7646@00004368: $14 <= 00002505
                7650@0000436c: $ 9 <= 00000000
                7662@0000437c: *000011f0 <= 4b5f0000
                7662@00004378: $15 <= 00004b5f
                7674@00004384: $ 2 <= 0000dbe0
                7678@0000438c: *00000000 <= 000077b1
                7678@00004388: $ 3 <= 000077b1
                7686@00004390: $ 2 <= 000077b1
                7702@00004398: $16 <= 000006aa
                7710@000043a4: $15 <= 00000000
                7714@000043ac: *000019a8 <= 00000000
                7714@000043a8: $14 <= 0000724f
                7750@000043b8: $17 <= 00000000
                7758@000043c8: $14 <= 00000000
                7762@000043cc: $ 9 <= 0000d694
                7774@000043d8: $17 <= e5b00000
                7794@000043dc: $16 <= 00000000
                7802@000043e8: *000023f4 <= 00000000
                7802@000043e4: $21 <= 00005511
                7810@000043ec: $14 <= 00006530
                7822@000043f8: $16 <= c8060000
                7838@00004408: $17 <= e5b00001
                7890@00004418: $17 <= 00000000
                7898@00004424: $ 2 <= 0000450e
                7902@0000442c: *00000000 <= 000047b7
                7902@00004428: $ 3 <= 000047b7
                7910@00004430: $ 2 <= 000047b7
                7934@00004448: $ 8 <= 8e3a0000
                7938@0000444c: $20 <= 00005510
                7942@00004454: *00002398 <= 00001100
                7942@00004450: $ 9 <= 00003124
                7954@0000445c: $17 <= 00000000
                7958@00004460: $15 <= 00007004
                7962@00004464: $15 <= 00000000
                7974@00004474: *00002c5c <= 007e0000
                7974@00004470: $10 <= 0000137e
                7982@00004478: $20 <= 00007534
                7994@00004480: $16 <= 00000000
                7998@00004488: *00000508 <= 4bca0000
                7998@00004484: $16 <= 00004bca
                8010@00004490: $11 <= 0000777e
                8014@00004494: $11 <= 00000000
                8018@00004498: $21 <= 0000ffb5
                8030@000044a0: $15 <= 00000001
                8038@000044a8: $15 <= 00000000
                8046@000044b0: $20 <= 00000000
                8050@000044b8: *0000009c <= 00004bca
                8050@000044b4: $17 <= 000062f4
                8058@000044bc: $20 <= 60810000
                8070@000044c4: $16 <= 00000001
                8074@000044c8: $16 <= 00000000
                8082@000044d0: $ 2 <= 000068f0
                8086@000044d8: *00000000 <= 00005074
                8086@000044d4: $ 3 <= 00005074
                8094@000044dc: $ 2 <= 00005074
                8118@000044f0: $12 <= 00000c95
                8122@000044f4: $15 <= 00006531
                8126@000044f8: $18 <= 0000166e
                8130@000044fc: $11 <= 00000000
                8146@00004504: $15 <= 00007f31
                8150@0000450c: *000017d4 <= 000016c9
                8150@00004508: $16 <= 000016c9
                8162@00004514: $ 9 <= 00000000
                8170@0000451c: $16 <= 000016c9
                8182@00004528: $16 <= 00006787
                8190@00004538: $ 8 <= 00000001
                8226@00004540: $ 9 <= 000053fe
                8238@00004548: $15 <= 00007f31
                8290@00004550: $17 <= 00000000
                8298@00004558: $17 <= ffff8d64
                8302@0000455c: $11 <= 608144b3
                8306@00004560: $13 <= ffff8d64
                8318@00004568: $16 <= 00000d20
                8322@0000456c: $16 <= 384a0000
                8330@00004574: $ 2 <= 00007b21
                8334@0000457c: *00000000 <= 00001bae
                8334@00004578: $ 3 <= 00001bae
                8342@00004580: $ 2 <= 00001bae
                8358@00004588: $16 <= ffff0e33
                8366@00004598: $20 <= 00000001
                8374@000045a0: $15 <= 5aa80000
                8386@000045a8: $15 <= 5aa80001
                8446@000045b0: $17 <= 00000002
                8454@000045b8: $18 <= ffffadf6
                8458@000045bc: $14 <= ffff004c
                8462@000045c0: $ 8 <= 4aaf8d62
                8474@000045c8: $17 <= ffff46a2
                8478@000045cc: $17 <= 000027d2
                8482@000045d0: $17 <= 00000000
                8490@000045dc: *000003d0 <= 5aa80001
                8490@000045d8: $12 <= 00000bbf
                8498@000045e0: $11 <= fdd60000
                8510@000045ec: $17 <= 0000464a
                8514@000045f0: $17 <= 00000000
                8526@000045fc: $13 <= fdd60bbf
                8530@00004604: *000012f0 <= 0bbf0000
                8530@00004600: $21 <= 00007c7b
                8538@0000460c: *00000c20 <= ffffadf6
                8538@00004608: $10 <= 00004cc9
                8550@00004614: $15 <= 1e500000
                8558@00004624: $ 2 <= 0000c4c2
                8562@0000462c: *00000000 <= 00005c88
                8562@00004628: $ 3 <= 00005c88
                8570@00004630: $ 2 <= 00005c88
                8586@00004638: $16 <= 00007f74
                8602@00004654: $10 <= 00008182
                8618@00004664: *00002164 <= 00007f74
                8618@00004660: $17 <= 0000285c
                8674@00004678: *000029f0 <= 0000bf00
                8674@00004674: $15 <= 00000bfc
                8686@00004680: $17 <= 1417edb0
                8690@00004684: $16 <= 00000bbf
                8698@00004690: *00000f70 <= 00000bbf
                8698@0000468c: $21 <= 00000191
                8722@000046a4: $17 <= 1417edb1
                8778@000046b4: $12 <= 4aafe160
                8782@000046b8: $10 <= 000068fc
                8786@000046bc: $14 <= 00000000
                8802@000046c4: $16 <= 00000bbf
                8810@000046d4: $ 2 <= 0000e228
                8814@000046dc: *00000000 <= 00002257
                8814@000046d8: $ 3 <= 00002257
                8822@000046e0: $ 2 <= 00002257
                8846@000046f8: $15 <= 00000bfd
                8910@0000470c: $15 <= 000073a0
                8918@00004720: $19 <= 4aaf8d62
                8922@00004724: $12 <= b5507e5d
                8926@00004728: $19 <= fdd60bbf
                8938@00004730: $17 <= 1417edb1
                8946@00004738: $17 <= 1417edb1
                9038@00004744: $16 <= 00000000
                9046@0000474c: $10 <= b557fffd
                9058@00004754: $17 <= 000011a0
                9070@00004760: $21 <= ffffadf7
                9074@00004768: *00000538 <= 00000000
                9074@00004764: $13 <= 000070cb
                9082@0000476c: $ 9 <= 00002f0a
                9086@00004770: $12 <= 00000000
                9102@0000477c: *00000268 <= 00000000
                9102@00004778: $15 <= 00001575
                9118@00004788: $ 2 <= 00004cf6
                9122@00004790: *00000000 <= 00005a69
                9122@0000478c: $ 3 <= 00005a69
                9130@00004794: $ 2 <= 00005a69
                9146@0000479c: $17 <= 00007572
                9154@000047ac: $21 <= fdd60000
                9158@000047b4: *00001264 <= 0000adf6
                9158@000047b0: $10 <= 00006b69
                9174@000047c0: $15 <= 00004399
                9178@000047c4: $15 <= 00000000
                9226@000047d4: $14 <= 00000000
                9238@000047e0: $15 <= 00000000
                9246@000047ec: $ 8 <= ffffdd00
                9250@000047f0: $11 <= 000028f8
                9254@000047f4: $ 8 <= 000004d1
                9258@000047f8: $11 <= 00000000
                9278@00004804: $16 <= 00000000
                9286@0000480c: $20 <= 0000510e
                9290@00004810: $ 8 <= 00000000
                9294@00004814: $12 <= 00000001
                9310@00004824: $15 <= 00000000
                9318@00004830: $ 2 <= 0000cb2a
                9322@00004838: *00000000 <= 00007db7
                9322@00004834: $ 3 <= 00007db7
                9330@0000483c: $ 2 <= 00007db7
                9346@00004844: $15 <= 000079d0
                9354@00004854: $15 <= 0000ffdf
                9358@00004858: $ 9 <= fdd60bbf
                9370@00004864: $16 <= 00004e6b
                9374@00004868: $17 <= 00017551
                9382@00004870: $13 <= ffffadf6
                9386@00004874: $ 8 <= 00000001
                9394@0000487c: $ 8 <= 000009e0
                9438@00004884: $16 <= 00000001
                9442@00004888: $15 <= 00001f9f
                9446@0000488c: $15 <= 00000000
                9454@00004898: *00000e18 <= 00007551
                9454@00004894: $ 9 <= 0000279d
                9462@0000489c: $10 <= 00000000
                9466@000048a4: *000023b8 <= 0000510e
                9466@000048a0: $21 <= 00005f2e
                9478@000048ac: $15 <= ffffffff
                9482@000048b0: $16 <= 00006655
                9490@000048bc: *00002b08 <= 00004700
                9490@000048b8: $19 <= 00002ab1
                9498@000048c0: $10 <= 00005ed2
                9502@000048c4: $18 <= 00000000
                9526@000048dc: $ 2 <= 00004e56
                9530@000048e4: *00000000 <= 0000661c
                9530@000048e0: $ 3 <= 0000661c
                9538@000048e8: $ 2 <= 0000661c
                9554@000048f0: $16 <= 00000000
                9562@00004904: *0000283c <= 00000000
                9562@00004900: $20 <= 00004a49
                9570@00004908: $15 <= 000042d2
                9574@0000490c: $21 <= 00000000
                9578@00004910: $20 <= 00000000
                9598@0000492c: *000006e0 <= 0000e000
                9598@00004928: $14 <= 00007ae0
                9606@00004930: $13 <= ffffadf6
                9610@00004934: $21 <= 00000000
                9622@0000493c: $15 <= 00000001
                9626@00004944: *00000140 <= 00000001
                9626@00004940: $16 <= 000041cd
                9638@0000494c: $20 <= 0000ac87
                9642@00004950: $15 <= 00000000
                9654@0000495c: $17 <= e4ba0000
                9658@00004960: $16 <= 00004ca4
                9662@00004964: $16 <= 00000000
                9670@0000496c: $ 9 <= ffffadf6
                9674@00004974: *000015dc <= 0000adf6
                9674@00004970: $15 <= 000028d0
                9682@00004978: $18 <= 00000001
                9694@00004984: $17 <= 000064ac
                9702@00004994: $ 2 <= 0000e8ca
                9706@0000499c: *00000000 <= 00001125
                9706@00004998: $ 3 <= 00001125
                9714@000049a0: $ 2 <= 00001125
                9730@000049a8: $15 <= 000028d1
                9738@000049b8: $20 <= 00000001
                9742@000049c0: *00000b6c <= 00001847
                9742@000049bc: $ 9 <= 00001847
                9758@000049d0: *00002494 <= 00000000
                9758@000049cc: $17 <= 00007701
                9766@000049d4: $15 <= 000051a2
                9774@000049e0: *000016fc <= 00002ab1
                9774@000049dc: $15 <= 0000294c
                9786@000049e8: $12 <= 00000000
                9794@000049f4: *00002620 <= 7a4c0000
                9794@000049f0: $17 <= 00006d0d
                9802@000049f8: $17 <= 00000000
                9810@00004a00: $10 <= 00000000
                9814@00004a04: $15 <= 0000427f
                9818@00004a08: $10 <= 00000000
                9822@00004a0c: $15 <= 0000427f
                9834@00004a18: $17 <= 0000637c
                9842@00004a2c: $13 <= 00002a71
                9846@00004a30: $12 <= 00000000
                9850@00004a34: $ 8 <= 00000000
                9882@00004a40: $15 <= 00001818
                9890@00004a50: $ 2 <= 0000ba79
                9894@00004a58: *00000000 <= 000049d7
                9894@00004a54: $ 3 <= 000049d7
                9902@00004a5c: $ 2 <= 000049d7
                9918@00004a64: $15 <= 00000001
                9930@00004a74: $16 <= ffffd54f
                9942@00004a80: $15 <= 00000001
                9950@00004a90: $19 <= 0000637c
                9954@00004a98: *00002900 <= 00010000
                9954@00004a94: $15 <= 00006f14
                9962@00004a9c: $13 <= 00008ded
                9970@00004aa4: $17 <= 00000000
                9974@00004aa8: $16 <= 4e0a0000
                9982@00004ab4: *00002d38 <= 00db0000
                9982@00004ab0: $13 <= 000030db
                9990@00004ab8: $11 <= 00000000
               10002@00004ac4: $16 <= 00007747
               10006@00004ac8: $17 <= 00000000
               10010@00004acc: $16 <= 00000001
               10018@00004ad8: *000011c0 <= 00006f14
               10018@00004ad4: $13 <= 0000333c
               10026@00004adc: $ 8 <= 00000000
               10030@00004ae0: $17 <= 00004f3d
               10034@00004ae4: $19 <= 00000000
               10042@00004aec: $16 <= 60c00000
               10046@00004af0: $15 <= b35c0000
               10054@00004af8: $ 2 <= 0000db29
               10058@00004b00: *00000000 <= 000050a1
               10058@00004afc: $ 3 <= 000050a1
               10066@00004b04: $ 2 <= 000050a1
               10082@00004b0c: $16 <= 60c00001
               10090@00004b20: $11 <= 000056f1
               10094@00004b24: $19 <= 00000000
               10098@00004b2c: *00000e00 <= b35c0000
               10098@00004b28: $21 <= 000006f2
               10114@00004b38: $17 <= 60c0bead
               10118@00004b3c: $16 <= 00000000
               10126@00004b48: *0000208c <= 00000000
               10126@00004b44: $21 <= 00007753
               10134@00004b4c: $20 <= 00001ac7
               10138@00004b54: *00001c8c <= 18470000
               10138@00004b50: $21 <= 00007899
               10150@00004b5c: $17 <= b35c0000
               10154@00004b60: $17 <= 00000000
               10162@00004b68: $10 <= 00002700
               10166@00004b6c: $21 <= 00000000
               10170@00004b70: $14 <= 00000100
               10174@00004b74: $10 <= 0000b224
               10186@00004b80: $17 <= 00000001
               10198@00004b8c: $21 <= 00000100
               10202@00004b90: $12 <= 00000f0b
               10206@00004b94: $11 <= 00000000
               10210@00004b98: $19 <= 0000f37e
               10222@00004ba0: $15 <= 00000000
               10238@00004ba4: $16 <= 00000000
               10246@00004bac: $ 2 <= 0000e36d
               10250@00004bb4: *00000000 <= 0000051f
               10250@00004bb0: $ 3 <= 0000051f
               10258@00004bb8: $ 2 <= 0000051f
               10274@00004bc0: $16 <= 00001650
               10286@00004bd4: $ 9 <= 00000100
               10290@00004bd8: $20 <= 000001a8
               10298@00004be0: $16 <= 00005ad9
               10302@00004be4: $16 <= 00000000
               10318@00004bf0: $ 8 <= 58740000
               10322@00004bf4: $12 <= 00000000
               10334@00004c00: $17 <= 00000001
               10358@00004c08: $15 <= 00000000
               10366@00004c14: *00000b48 <= 00003c00
               10366@00004c10: $15 <= 00007add
               10374@00004c18: $13 <= 00001c98
               10378@00004c1c: $19 <= 00000000
               10382@00004c20: $ 8 <= 00000000
               10406@00004c2c: $15 <= 0000521c
               10414@00004c34: $ 8 <= 00000001
               10422@00004c3c: $17 <= 00000001
               10470@00004c48: *00000c00 <= 00003a40
               10470@00004c44: $20 <= 00003a40
               10550@00004c5c: $ 2 <= 000075f3
               10554@00004c64: *00000000 <= 000045e1
               10554@00004c60: $ 3 <= 000045e1
               10562@00004c68: $ 2 <= 000045e1
               10578@00004c70: $16 <= 00005620
               10586@00004c80: $19 <= 00000000
               10590@00004c88: *00000310 <= 00000000
               10590@00004c84: $14 <= 00007e3f
               10598@00004c8c: $10 <= 000043ff
               10614@00004c98: $17 <= 00009940
               10626@00004ca4: $10 <= 00000000
               10630@00004ca8: $18 <= 00002f01
               10634@00004cac: $16 <= 00000000
               10658@00004cc4: $11 <= 00000001
               10682@00004ccc: $10 <= 00000001
               10782@00004cdc: $15 <= 00000000
               10810@00004cf4: $17 <= 000053ae
               10822@00004cfc: $17 <= 00004067
               10826@00004d00: $15 <= 00000000
               10830@00004d04: $15 <= 03af0000
               10838@00004d0c: $ 2 <= 000080c3
               10842@00004d14: *00000000 <= 00004afd
               10842@00004d10: $ 3 <= 00004afd
               10850@00004d18: $ 2 <= 00004afd
               10866@00004d20: $15 <= 00004067
               10874@00004d2c: $15 <= 00000100
               10878@00004d30: $14 <= 0000fb68
               10890@00004d3c: $16 <= 000014ea
               10894@00004d40: $16 <= 00001413
               10898@00004d44: $16 <= 00000000
               10906@00004d50: *00001878 <= 00000000
               10906@00004d4c: $20 <= 00004708
               10914@00004d54: $16 <= ee170000
               10918@00004d58: $ 8 <= 00000000
               10930@00004d60: $15 <= 00000101
               10938@00004d68: $17 <= 00004024
               10946@00004d70: $10 <= 00000001
               11034@00004d7c: $15 <= 00000000
               11042@00004d84: $17 <= 000009ee
               11050@00004d90: $14 <= 00001170
               11054@00004d94: $17 <= 00000000
               11058@00004d98: $10 <= 00002f00
               11062@00004d9c: $16 <= ee170001
               11074@00004da8: $15 <= 00005599
               11078@00004dac: $17 <= 00000000
               11082@00004db0: $17 <= 00000271
               11090@00004db8: $ 2 <= 00002548
               11094@00004dc0: *00000000 <= 000019ff
               11094@00004dbc: $ 3 <= 000019ff
               11102@00004dc4: $ 2 <= 000019ff
               11118@00004dcc: $16 <= 00000000
               11126@00004dd8: $13 <= 00000010
               11130@00004ddc: $13 <= 00000011
               11138@00004de4: $ 9 <= 00004708
               11182@00004dec: $16 <= 0000000d
               11186@00004df4: *00001c10 <= 00004c20
               11186@00004df0: $16 <= 00004c20
               11202@00004e00: $13 <= 00000000
               11206@00004e04: $ 8 <= 00000001
               11234@00004e10: $15 <= 00000001
               11278@00004e20: $12 <= 00004708
               11282@00004e24: $14 <= ffffa8a6
               11294@00004e2c: $16 <= 00000000
               11298@00004e30: $15 <= 00000001
               11310@00004e3c: $14 <= 00004508
               11314@00004e40: $12 <= 0000e279
               11362@00004e50: $15 <= 00000001
               11374@00004e5c: $ 2 <= 00001841
               11378@00004e64: *00000000 <= 0000210c
               11378@00004e60: $ 3 <= 0000210c
               11386@00004e68: $ 2 <= 0000210c
               11402@00004e70: $15 <= 00003e66
               11414@00004e7c: $11 <= 00000000
               11422@00004e84: $17 <= 00000271
               11434@00004e90: $16 <= 0000334e
               11442@00004ea0: $ 8 <= 56000000
               11446@00004ea4: $14 <= 00000000
               11450@00004eac: *00001218 <= 00000000
               11450@00004ea8: $18 <= 00004669
               11462@00004eb4: $17 <= 00000001
               11470@00004ec4: $12 <= 00004b41
               11474@00004ec8: $11 <= 00000000
               11478@00004ed0: *000027d0 <= 00000000
               11478@00004ecc: $16 <= 000074dd
               11486@00004ed4: $20 <= 000074dd
               11494@00004edc: $16 <= 000076dd
               11498@00004ee0: $16 <= 000043c5
               11502@00004ee4: $17 <= 00000000
               11510@00004eec: $10 <= 8edd0000
               11514@00004ef0: $12 <= 00000000
               11518@00004ef4: $18 <= 00000001
               11526@00004efc: $15 <= 0000bf6e
               11530@00004f00: $17 <= 00005341
               11534@00004f04: $16 <= 00000000
               11542@00004f0c: $ 2 <= 0000604a
               11546@00004f14: *00000000 <= 000070b3
               11546@00004f10: $ 3 <= 000070b3
               11554@00004f18: $ 2 <= 000070b3
               11570@00004f20: $17 <= f29f0000
               11594@00004f3c: $18 <= 00002485
               11598@00004f40: $18 <= ffff8b23
               11618@00004f48: $15 <= 00004351
               11626@00004f54: $14 <= 000001b5
               11630@00004f58: $ 8 <= 00000000
               11634@00004f5c: $12 <= 00000001
               11642@00004f68: *00001304 <= b5000000
               11642@00004f64: $15 <= 00005d3e
               11690@00004f74: $15 <= 00000000
               11698@00004f80: *00002888 <= 00000001
               11698@00004f7c: $17 <= 00005da5
               11706@00004f84: $19 <= 00003791
               11710@00004f88: $20 <= 00000000
               11722@00004f94: $16 <= 00003bf8
               11730@00004fa4: $ 9 <= 00000000
               11734@00004fa8: $12 <= ffffba99
               11738@00004fac: $17 <= 000028ca
               11742@00004fb0: $18 <= 00000000
               11758@00004fb8: $15 <= 0000132e
               11766@00004fc4: $ 2 <= 0000546b
               11770@00004fcc: *00000000 <= 00003112
               11770@00004fc8: $ 3 <= 00003112
               11778@00004fd0: $ 2 <= 00003112
               11798@00004fdc: $17 <= 000028cb
               11854@00004ff0: *0000049c <= 00000000
               11854@00004fec: $19 <= 00004ac1
               11862@00004ff4: $16 <= ffff6fd8
               11870@00004ffc: $17 <= 000028cb
               11906@00005014: $16 <= 12d0af71
               11914@00005020: *000001f0 <= 12d0af71
               11914@0000501c: $17 <= 00002521
               11922@00005024: $16 <= 00005b4f
               11930@0000502c: $10 <= fffffe4b
               11938@00005034: $13 <= 00000000
               11950@0000503c: $17 <= 00000401
               11954@00005040: $17 <= 00000000
               11966@0000504c: $20 <= 0000320a
               11970@00005050: $ 9 <= 00000000
               11974@00005054: $12 <= ffffba99
               11986@00005060: $15 <= 00000001
               11990@00005068: *00002194 <= 00000000
               11990@00005064: $15 <= 000036d3
               12002@00005070: $ 2 <= 00006cac
               12006@00005078: *00000000 <= 00001054
               12006@00005074: $ 3 <= 00001054
               12014@0000507c: $ 2 <= 00001054
               12030@00005088: *0000017c <= 00700000
               12030@00005084: $16 <= 00006570
               12070@00005098: $19 <= 2e880000
               12074@0000509c: $12 <= 00007728
               12078@000050a0: $ 8 <= 00000000
               12086@000050a8: $17 <= 000036d3
               12094@000050b4: $15 <= 000036d3
               12098@000050b8: $14 <= 00003b97
               12130@000050c4: $16 <= 00000000
               12138@000050d4: $18 <= 00000100
               12142@000050d8: $18 <= 00004405
               12146@000050dc: $21 <= 00000000
               12150@000050e0: $21 <= 000036d3
               12162@000050e8: $16 <= 00005ec4
               12170@000050f4: $10 <= 00000000
               12174@000050f8: $ 9 <= 000051cc
               12178@000050fc: $20 <= 00000000
               12182@00005100: $14 <= 00009a5b
               12194@00005108: $17 <= 00000000
               12202@00005114: $ 2 <= 000025a7
               12206@0000511c: *00000000 <= 00003718
               12206@00005118: $ 3 <= 00003718
               12214@00005120: $ 2 <= 00003718
               12234@0000512c: $16 <= ffffd80f
               12246@00005138: $20 <= 000041b5
               12250@0000513c: $20 <= 00000000
               12254@00005144: *00000f20 <= d80f0000
               12254@00005140: $15 <= 000033e1
               12266@0000514c: $16 <= 83b00000
               12274@0000515c: $15 <= 00000000
               12278@00005160: $ 9 <= 00000000
               12282@00005164: $13 <= 00000000
               12318@00005178: $16 <= 00000000
               12322@00005180: *00000034 <= 00000000
               12322@0000517c: $ 8 <= 00005113
               12330@00005184: $18 <= 00004405
               12342@0000518c: $16 <= 00000000
               12350@0000519c: $14 <= 00009744
               12354@000051a4: *00001c34 <= 00000044
               12354@000051a0: $13 <= 00000244
               12378@000051c0: $ 2 <= 0000c35d
               12382@000051c8: *00000000 <= 00007095
               12382@000051c4: $ 3 <= 00007095
               12390@000051cc: $ 2 <= 00007095
               12406@000051d4: $17 <= 00007f98
               12410@000051d8: $17 <= 00000000
               12414@000051dc: $15 <= 00000000
               12422@000051e4: $ 8 <= 00000000
               12426@000051e8: $15 <= 00000000
               12438@000051f4: $15 <= 00000000
               12442@000051fc: *00002954 <= 00000000
               12442@000051f8: $15 <= 000014e6
               12454@00005204: $20 <= 2e880000
               12462@0000520c: $21 <= 00000000
               12470@00005214: $17 <= 00000000
               12478@00005224: $10 <= 00000001
               12486@0000522c: $11 <= 000001fc
               12490@00005230: $19 <= 00000000
               12502@0000523c: $16 <= 000014e6
               12562@00005250: *0000044c <= 2e880000
               12562@0000524c: $ 9 <= 00005ce2
               12570@00005254: $14 <= 0000064b
               12574@00005258: $15 <= 00000000
               12582@00005260: $16 <= 00000000
               12590@0000526c: $ 2 <= 0000d133
               12594@00005274: *00000000 <= 00000b6e
               12594@00005270: $ 3 <= 00000b6e
               12602@00005278: $ 2 <= 00000b6e
               12618@00005280: $15 <= 000073c0
               12622@00005284: $15 <= 00000000
               12634@00005290: $21 <= 00000000
               12638@00005298: *000011c0 <= 00006f14
               12638@00005294: $14 <= 00007aa1
               12646@0000529c: $15 <= 00000000
               12658@000052a8: $17 <= 00000000
               12666@000052b4: *00000298 <= 00001179
               12666@000052b0: $17 <= 00001179
               12674@000052b8: $11 <= 000001fd
               12682@000052c0: $16 <= 000045c5
               12694@000052c8: $15 <= 00001af2
               12730@000052d8: $18 <= d17845c5
               12734@000052dc: $21 <= 000015d1
               12738@000052e0: $21 <= 00000000
               12790@00005300: $18 <= 00000160
               12810@00005314: $ 2 <= 0000de2f
               12814@0000531c: *00000000 <= 00004546
               12814@00005318: $ 3 <= 00004546
               12822@00005320: $ 2 <= 00004546
               12838@00005328: $17 <= 000055fd
               12850@00005338: *00001d34 <= 00000001
               12850@00005334: $11 <= 00004fa6
               12858@0000533c: $11 <= 00004fa7
               12874@0000534c: $17 <= 00001d11
               12878@00005350: $15 <= 00000000
               12882@00005358: *000029fc <= 00110000
               12882@00005354: $15 <= 000055ae
               12894@00005360: $18 <= 00004212
               12898@00005364: $16 <= 00000000
               12906@0000536c: $11 <= 00004fa7
               12918@00005378: $16 <= 000072bf
               12922@0000537c: $17 <= 00005dbf
               12934@00005388: $20 <= 000041ed
               12938@0000538c: $18 <= 00000000
               12942@00005390: $13 <= 00000245
               13006@0000539c: $17 <= 00000000
               13010@000053a0: $17 <= 00000001
               13018@000053a8: $12 <= 00007729
               13026@000053b0: $10 <= 00001f70
               13030@000053b4: $ 8 <= 00000000
               13078@000053c0: $16 <= 0000538a
               13082@000053c4: $17 <= 00000000
               13090@000053c8: $17 <= 00000000
               13098@000053d0: $ 2 <= 0000884e
               13102@000053d8: *00000000 <= 00000369
               13102@000053d4: $ 3 <= 00000369
               13110@000053dc: $ 2 <= 00000369
               13126@000053e4: $16 <= 00000000
               13130@000053ec: *000016b4 <= 00000000
               13130@000053e8: $15 <= 00003757
               13142@000053f4: $11 <= 00000000
               13146@000053f8: $16 <= 00000145
               13150@000053fc: $20 <= 12c70000
               13158@00005404: $15 <= 000000a0
               13166@00005418: $20 <= 0000fbc5
               13170@0000541c: $18 <= 00000001
               13174@00005420: $12 <= 00003a30
               13186@00005428: $16 <= 00002554
               13194@00005438: $15 <= 00001820
               13202@00005440: $19 <= 00000001
               13214@0000544c: $15 <= 0000454f
               13218@00005450: $15 <= 00000000
               13222@00005458: *00000250 <= 00000000
               13222@00005454: $16 <= 00001cf3
               13234@00005460: $12 <= 00004fa0
               13238@00005464: $20 <= 00000b91
               13242@00005468: $14 <= 000048ee
               13246@0000546c: $10 <= 00000000
               13262@00005474: $15 <= 0000827b
               13270@00005480: $ 2 <= 00006dd1
               13274@00005488: *00000000 <= 00002ec1
               13274@00005484: $ 3 <= 00002ec1
               13282@0000548c: $ 2 <= 00002ec1
               13298@00005494: $15 <= 00000000
               13302@00005498: $16 <= 0000502f
               13306@0000549c: $17 <= 00000000
               13314@000054a8: *000011a4 <= 00000000
               13314@000054a4: $16 <= 000044cf
               13322@000054ac: $21 <= ffff8838
               13334@000054b8: $15 <= 00000000
               13338@000054bc: $17 <= 00000001
               13350@000054c8: $ 8 <= bfb70000
               13354@000054cc: $13 <= 4dea0000
               13390@000054d0: $17 <= 00000000
               13402@000054d8: $15 <= 00000001
               13410@000054e8: $15 <= 00000000
               13414@000054ec: $ 8 <= 00000000
               13418@000054f0: $13 <= 00000001
               13438@00005508: $20 <= 00000000
               13442@0000550c: $19 <= 00000000
               13446@00005510: $21 <= 00000000
               13458@00005518: $15 <= 00000000
               13462@0000551c: $17 <= 000044cf
               13470@00005524: $ 2 <= 0000e817
               13474@0000552c: *00000000 <= 00002acd
               13474@00005528: $ 3 <= 00002acd
               13482@00005530: $ 2 <= 00002acd
               13502@00005540: *00002b30 <= 00000000
               13502@0000553c: $17 <= 00003635
               13514@00005548: $ 8 <= 82ee0000
               13518@0000554c: $17 <= 00003635
               13530@00005554: $21 <= 00000001
               13542@0000555c: $17 <= 00003635
               13550@0000556c: $21 <= 000076af
               13554@00005570: $15 <= 00000000
               13558@00005574: $12 <= 00001410
               13570@00005580: $15 <= 00000000
               13578@0000558c: $18 <= 00000000
               13586@00005594: $15 <= 00007b70
               13590@00005598: $18 <= 00000000
               13610@000055a4: $16 <= 00007f70
               13618@000055ac: $12 <= 00001411
               13694@000055c4: *00001804 <= 57610000
               13694@000055c0: $16 <= 00005761
               13702@000055c8: $17 <= 0000043d
               13706@000055cc: $17 <= 00000000
               13714@000055d4: $ 2 <= 0000e4fc
               13718@000055dc: *00000000 <= 00002f8d
               13718@000055d8: $ 3 <= 00002f8d
               13726@000055e0: $ 2 <= 00002f8d
               13742@000055e8: $16 <= 00003e4f
               13746@000055ec: $16 <= 00006f14
               13750@000055f0: $15 <= 00006eb8
               13754@000055f4: $15 <= 00000000
               13794@00005604: $12 <= 00009652
               13806@0000560c: $15 <= 00002cca
               13814@0000561c: $ 9 <= 00000503
               13818@00005620: $11 <= 00000000
               13822@00005624: $20 <= 000000ad
               13826@00005628: $15 <= 00000000
               13830@0000562c: $14 <= 00004c9b
               13834@00005630: $10 <= 00000000
               13850@00005638: $15 <= 000049c0
               13854@0000563c: $15 <= 00000000
               13858@00005644: *00000b3c <= 00000000
               13858@00005640: $16 <= 0000699e
               13870@0000564c: $16 <= 0000699e
               13874@00005650: $14 <= 00000000
               13878@00005654: $11 <= 00000001
               13890@00005660: $16 <= 00000000
               13898@0000566c: $ 9 <= 00000503
               13934@00005674: $11 <= 000076af
               13938@00005678: $16 <= 00000000
               13950@00005680: $16 <= 00003ea3
               13954@00005684: $16 <= 00000000
               13958@00005688: $15 <= aac90000
               13966@00005690: $ 2 <= 0000a7b7
               13970@00005698: *00000000 <= 00002cc8
               13970@00005694: $ 3 <= 00002cc8
               13978@0000569c: $ 2 <= 00002cc8
               13998@000056ac: *000027d4 <= 00000000
               13998@000056a8: $15 <= 00006a46
               14010@000056b4: $11 <= 00007424
               14014@000056b8: $13 <= 00000000
               14018@000056bc: $21 <= 00000000
               14022@000056c0: $13 <= 000064a1
               14026@000056c4: $19 <= 00000000
               14034@000056cc: $15 <= 00005781
               14046@000056e0: $13 <= 00000000
               14050@000056e4: $14 <= 00000001
               14122@000056f8: *0000255c <= 00000000
               14122@000056f4: $15 <= 000050d8
               14134@00005700: $10 <= 00000503
               14138@00005704: $14 <= ffff8488
               14154@00005710: $15 <= ffffaf28
               14162@0000571c: $14 <= 3f6f0000
               14166@00005720: $10 <= 00000000
               14170@00005724: $15 <= 00007424
               14190@0000573c: $ 2 <= 0000fe07
               14194@00005744: *00000000 <= 00007568
               14194@00005740: $ 3 <= 00007568
               14202@00005748: $ 2 <= 00007568
               14278@00005760: $15 <= 0000002a
               14282@00005764: $19 <= 49cc0000
               14294@0000576c: $17 <= 00005971
               14302@0000577c: $17 <= de030000
               14306@00005780: $11 <= 0000002a
               14310@00005784: $12 <= 00009653
               14322@00005790: $16 <= 00000000
               14362@000057a0: $18 <= 00000000
               14366@000057a4: $19 <= 49cc0001
               14374@000057ac: $16 <= 0000002a
               14422@000057b8: $16 <= 21fd002a
               14430@000057c0: $10 <= 000000af
               14434@000057c4: $12 <= 00000000
               14446@000057c8: $13 <= 000006e4
               14458@000057d0: $15 <= 000017d8
               14466@000057e0: $ 2 <= 0000a834
               14470@000057e8: *00000000 <= 000005bf
               14470@000057e4: $ 3 <= 000005bf
               14478@000057ec: $ 2 <= 000005bf
               14494@000057f4: $16 <= 00000000
               14498@000057f8: $16 <= 58cf0000
               14510@00005804: $16 <= 49cc69a3
               14522@00005810: $15 <= 27cf69a3
               14526@00005814: $16 <= 9f880000
               14534@0000581c: $16 <= 000006e4
               14538@00005820: $ 8 <= ffffb385
               14542@00005824: $18 <= 3f6fc526
               14554@0000582c: $15 <= 00000001
               14562@00005838: $14 <= 00003997
               14566@0000583c: $17 <= 00000000
               14570@00005840: $ 9 <= 00003840
               14574@00005844: $15 <= 00000000
               14578@00005848: $ 8 <= 000000ad
               14590@00005850: $15 <= 0000ae47
               14626@00005860: $ 9 <= 8fff818a
               14630@00005864: $13 <= 000000a4
               14642@0000586c: $17 <= ffff589d
               14650@00005878: $ 2 <= 000086e5
               14654@00005880: *00000000 <= 0000557e
               14654@0000587c: $ 3 <= 0000557e
               14662@00005884: $ 2 <= 0000557e
               14678@0000588c: $16 <= ffffdddd
               14690@0000589c: *00000db4 <= 0000009d
               14690@00005898: $18 <= 000034ee
               14698@000058a0: $20 <= 00000001
               14702@000058a4: $11 <= 0000002b
               14718@000058b0: $16 <= 00000000
               14726@000058bc: $12 <= 00000025
               14730@000058c0: $18 <= 00000000
               14734@000058c4: $17 <= ffff589d
               14834@000058dc: $15 <= 00000000
               14838@000058e4: *000024b8 <= 589d0000
               14838@000058e0: $15 <= 000040fb
               14854@000058f0: $15 <= 000040fb
               14862@00005904: $20 <= 00004a9a
               14866@00005908: $21 <= 00000000
               14898@00005910: $10 <= 0000000c
               14906@00005918: $17 <= 00000001
               14918@00005924: $ 2 <= 0000ad3b
               14922@0000592c: *00000000 <= 0000511f
               14922@00005928: $ 3 <= 0000511f
               14930@00005930: $ 2 <= 0000511f
               14946@0000593c: *0000293c <= 000040fb
               14946@00005938: $16 <= 00000db9
               14954@00005940: $15 <= 00000000
               14966@0000594c: $21 <= 09cc0000
               14970@00005950: $18 <= 8fff99af
               14982@00005958: $15 <= ffffd4aa
               14990@00005968: *00001aec <= 0000000c
               14990@00005964: $18 <= 000056a6
               14998@0000596c: $19 <= 0000903d
               15002@00005970: $21 <= 00000000
               15014@00005978: $17 <= 000004c3
               15026@0000598c: $15 <= 00001b72
               15030@00005990: $17 <= 00000db9
               15042@00005998: $15 <= 00000000
               15050@000059a4: $ 8 <= 00000000
               15054@000059a8: $ 8 <= 00002be5
               15058@000059ac: $14 <= 00000000
               15070@000059b8: $15 <= 00000001
               15078@000059c8: $ 2 <= 000089a9
               15082@000059d0: *00000000 <= 00001af2
               15082@000059cc: $ 3 <= 00001af2
               15090@000059d4: $ 2 <= 00001af2
               15106@000059dc: $16 <= 00002a07
               15110@000059e0: $16 <= 00000000
               15114@000059e4: $17 <= 0000000c
               15122@000059ec: $10 <= 00000000
               15126@000059f0: $21 <= 152c0000
               15130@000059f4: $11 <= ffffff87
               15150@00005a0c: $19 <= 0000903d
               15158@00005a14: $16 <= 00000000
               15170@00005a1c: $17 <= 00005c12
               15174@00005a20: $16 <= 00000000
               15210@00005a2c: $19 <= 00000025
               15214@00005a30: $18 <= 00004ab9
               15218@00005a34: $ 9 <= 00000000
               15222@00005a38: $13 <= 00003199
               15226@00005a3c: $15 <= 00000000
               15242@00005a44: $16 <= 00000000
               15246@00005a48: $15 <= 94540000
               15254@00005a50: $13 <= 0000592b
               15258@00005a54: $17 <= 00000000
               15266@00005a5c: $10 <= 00004928
               15274@00005a64: $15 <= 00000000
               15278@00005a68: $17 <= 00000000
               15286@00005a70: $ 2 <= 00003c8f
               15290@00005a78: *00000000 <= 00000542
               15290@00005a74: $ 3 <= 00000542
               15298@00005a7c: $ 2 <= 00000542
               15314@00005a84: $17 <= 00000000
               15318@00005a88: $17 <= 00000903
               15322@00005a8c: $15 <= 00000000
               15334@00005a98: $ 8 <= 00000025
               15338@00005a9c: $13 <= 00004a81
               15350@00005aa4: $15 <= fffff6fd
               15358@00005ab0: $13 <= 00004081
               15366@00005ab8: $10 <= 00001238
               15370@00005abc: $14 <= 00000000
               15378@00005ac4: $17 <= 00005cf0
               15418@00005ad8: $12 <= 00513609
               15458@00005af0: $10 <= 00005aff
               15462@00005af4: $21 <= 00005cf7
               15478@00005af8: $13 <= 00000000
               15490@00005b00: $16 <= 000060f2
               15498@00005b10: $ 2 <= 0000cae3
               15502@00005b18: *00000000 <= 00002201
               15502@00005b14: $ 3 <= 00002201
               15510@00005b1c: $ 2 <= 00002201
               15526@00005b24: $17 <= fffff6ff
               15530@00005b28: $16 <= 00000000
               15538@00005b30: $17 <= 00007c1d
               15542@00005b34: $11 <= 00004ab9
               15586@00005b54: $10 <= 00000400
               15590@00005b58: $21 <= 00000000
               15594@00005b60: *000028ac <= 09000000
               15594@00005b5c: $ 9 <= 00002219
               15606@00005b68: $17 <= 00000903
               15610@00005b6c: $15 <= fffff6fd
               15622@00005b78: $18 <= 0000020a
               15666@00005b80: $ 9 <= 00002219
               15678@00005b88: $15 <= 00000c3e
               15686@00005b98: $12 <= 00004a94
               15694@00005ba0: $14 <= 00000001
               15734@00005bb8: $ 2 <= 00006b80
               15738@00005bc0: *00000000 <= 00007e3d
               15738@00005bbc: $ 3 <= 00007e3d
               15746@00005bc4: $ 2 <= 00007e3d
               15762@00005bcc: $17 <= 0000b933
               15766@00005bd0: $17 <= 00000000
               15774@00005bd8: $11 <= 00004ab9
               15782@00005be0: $12 <= 00000000
               15786@00005be4: $18 <= 000028e5
               15794@00005bec: $17 <= 00001399
               15798@00005bf0: $17 <= 00000000
               15806@00005bf4: $15 <= 00000000
               15818@00005c00: $12 <= 00000000
               15830@00005c0c: $17 <= ffff9dd3
               15834@00005c10: $17 <= ffffbff3
               15842@00005c18: $12 <= 00003928
               15846@00005c20: *00000328 <= 00000025
               15846@00005c1c: $11 <= 00004def
               15854@00005c24: $14 <= 00000400
               15874@00005c3c: $15 <= 00000021
               15878@00005c40: $14 <= 3b0b0000
               15890@00005c4c: $15 <= ffffc014
               15898@00005c5c: $ 2 <= 00007f14
               15902@00005c64: *00000000 <= 00004fcb
               15902@00005c60: $ 3 <= 00004fcb
               15910@00005c68: $ 2 <= 00004fcb
               15926@00005c70: $15 <= fffffff7
               15930@00005c78: *000006ac <= ffffbff3
               15930@00005c74: $15 <= 00007feb
               15942@00005c80: $ 2 <= 0000034c
               15946@00005c84: $ 3 <= 0000034c
               15950@00005c88: $17 <= 00000698
               15954@00005c90: *00000698 <= 00000698
               15954@00005c8c: $16 <= 00000000
               15962@00005c94: $ 3 <= 00000698
               15970@00005c98: $16 <= 00000698
               15974@00005c9c: $17 <= 00000000
               15978@00005ca0: $17 <= 0000af00
               15982@00005ca4: *0000af00 <= 0000af00
               15990@00005ca8: $ 3 <= xxxxxxxx
               15994@00005cac: *xxxxxxxX <= 0000af00
               16002@00005cb0: $17 <= 00000441
               16006@00005cb4: $16 <= 00000000
               16014@00005cb8: $17 <= 00000522
               16018@00005cbc: $17 <= 00000522
               16022@00005cc0: $16 <= 00000522
Stopped at time : 2739778 ns : File "/media/shared/share/ISE/P6/v/PC.v" Line 48
# run all
Stopped at time : 3288170 ns : File "/media/shared/share/ISE/P6/v/PC.v" Line 48
